\BOOKMARK [0][-]{chapter.1}{Analisi di algoritmi}{}% 1
\BOOKMARK [1][-]{section.1.1}{Studio degli algoritmi}{chapter.1}% 2
\BOOKMARK [2][-]{subsection.1.1.1}{Modello di calcolo}{section.1.1}% 3
\BOOKMARK [1][-]{section.1.2}{Studio di alcuni algoritmi}{chapter.1}% 4
\BOOKMARK [2][-]{subsection.1.2.1}{Minimo di un array}{section.1.2}% 5
\BOOKMARK [2][-]{subsection.1.2.2}{Ricerca binaria ricorsiva}{section.1.2}% 6
\BOOKMARK [2][-]{subsection.1.2.3}{Ordini di complessit\340}{section.1.2}% 7
\BOOKMARK [1][-]{section.1.3}{Notazione asintotica}{chapter.1}% 8
\BOOKMARK [1][-]{section.1.4}{Complessit\340 degli algoritmi e dei problemi}{chapter.1}% 9
\BOOKMARK [1][-]{section.1.5}{Ordinamento degli array in senso crescente}{chapter.1}% 10
\BOOKMARK [2][-]{subsection.1.5.1}{Algoritmo Selection sort}{section.1.5}% 11
\BOOKMARK [2][-]{subsection.1.5.2}{Algoritmo Insertion sort}{section.1.5}% 12
\BOOKMARK [2][-]{subsection.1.5.3}{Algoritmo Merge sort}{section.1.5}% 13
\BOOKMARK [0][-]{chapter.2}{Notazione asintotica}{}% 14
\BOOKMARK [1][-]{section.2.1}{Propriet\340 della notazione asintotica}{chapter.2}% 15
\BOOKMARK [1][-]{section.2.2}{Altre notazioni}{chapter.2}% 16
\BOOKMARK [1][-]{section.2.3}{Classificazione delle funzioni di costo}{chapter.2}% 17
\BOOKMARK [0][-]{chapter.3}{Funzioni di ricorrenza}{}% 18
\BOOKMARK [1][-]{section.3.1}{Studio delle equazioni di ricorrenza}{chapter.3}% 19
\BOOKMARK [2][-]{subsection.3.1.1}{Metodo dell'albero di ricorsione}{section.3.1}% 20
\BOOKMARK [2][-]{subsection.3.1.2}{Metodo della sostituzione}{section.3.1}% 21
\BOOKMARK [2][-]{subsection.3.1.3}{Metodo delle ricorrenze comuni}{section.3.1}% 22
\BOOKMARK [0][-]{chapter.4}{Strutture dati}{}% 23
\BOOKMARK [1][-]{section.4.1}{Introduzione}{chapter.4}% 24
\BOOKMARK [1][-]{section.4.2}{Strutture di dati astratte}{chapter.4}% 25
\BOOKMARK [2][-]{subsection.4.2.1}{Sequenze}{section.4.2}% 26
\BOOKMARK [2][-]{subsection.4.2.2}{Insiemi}{section.4.2}% 27
\BOOKMARK [2][-]{subsection.4.2.3}{Dizionari}{section.4.2}% 28
\BOOKMARK [2][-]{subsection.4.2.4}{Grafi e alberi}{section.4.2}% 29
\BOOKMARK [2][-]{subsection.4.2.5}{Criticit\340 nell'implementazione di strutture dati astratte}{section.4.2}% 30
\BOOKMARK [1][-]{section.4.3}{Strutture di dati elementari}{chapter.4}% 31
\BOOKMARK [2][-]{subsection.4.3.1}{Liste}{section.4.3}% 32
\BOOKMARK [2][-]{subsection.4.3.2}{Pile}{section.4.3}% 33
\BOOKMARK [2][-]{subsection.4.3.3}{Code}{section.4.3}% 34
\BOOKMARK [0][-]{chapter.5}{Alberi binari e alberi generici}{}% 35
\BOOKMARK [1][-]{section.5.1}{Introduzione}{chapter.5}% 36
\BOOKMARK [2][-]{subsection.5.1.1}{Terminologia}{section.5.1}% 37
\BOOKMARK [1][-]{section.5.2}{Alberi binari}{chapter.5}% 38
\BOOKMARK [2][-]{subsection.5.2.1}{Specifica}{section.5.2}% 39
\BOOKMARK [2][-]{subsection.5.2.2}{Memorizzazione di un albero binario}{section.5.2}% 40
\BOOKMARK [2][-]{subsection.5.2.3}{Implementazione di un albero binario}{section.5.2}% 41
\BOOKMARK [2][-]{subsection.5.2.4}{Visite di un albero binario}{section.5.2}% 42
\BOOKMARK [1][-]{section.5.3}{Alberi generici}{chapter.5}% 43
\BOOKMARK [2][-]{subsection.5.3.1}{Specifica}{section.5.3}% 44
\BOOKMARK [2][-]{subsection.5.3.2}{Memorizzazione di un albero generico}{section.5.3}% 45
\BOOKMARK [2][-]{subsection.5.3.3}{Implementazione di un albero generico}{section.5.3}% 46
\BOOKMARK [2][-]{subsection.5.3.4}{Visite di un albero generico}{section.5.3}% 47
\BOOKMARK [0][-]{chapter.6}{Alberi binari di ricerca e alberi bilanciati}{}% 48
\BOOKMARK [1][-]{section.6.1}{Alberi binari di ricerca}{chapter.6}% 49
\BOOKMARK [2][-]{subsection.6.1.1}{Specifica}{section.6.1}% 50
\BOOKMARK [2][-]{subsection.6.1.2}{Ricerca}{section.6.1}% 51
\BOOKMARK [2][-]{subsection.6.1.3}{Massimo e minimo}{section.6.1}% 52
\BOOKMARK [2][-]{subsection.6.1.4}{Successore e predecessore}{section.6.1}% 53
\BOOKMARK [2][-]{subsection.6.1.5}{Inserimento}{section.6.1}% 54
\BOOKMARK [2][-]{subsection.6.1.6}{Cancellazione}{section.6.1}% 55
\BOOKMARK [2][-]{subsection.6.1.7}{Costo computazionale delle operazioni}{section.6.1}% 56
\BOOKMARK [1][-]{section.6.2}{Alberi b