This is pdfTeX, Version 3.14159265-2.6-1.40.20 (TeX Live 2019/Debian) (preloaded format=pdflatex 2022.1.26)  16 DEC 2022 12:42
entering extended mode
 restricted \write18 enabled.
 file:line:error style messages enabled.
 %&-line parsing enabled.
**/media/leonardo/various/shared/Dispense/Reti/Reti
(/media/leonardo/various/shared/Dispense/Reti/Reti.tex
LaTeX2e <2020-02-02> patch level 2
L3 programming layer <2020-02-14> (/usr/share/texlive/texmf-dist/tex/latex/base/report.cls
Document Class: report 2019/12/20 v1.4l Standard LaTeX document class
(/usr/share/texlive/texmf-dist/tex/latex/base/size12.clo
File: size12.clo 2019/12/20 v1.4l Standard LaTeX file (size option)
)
\c@part=\count167
\c@chapter=\count168
\c@section=\count169
\c@subsection=\count170
\c@subsubsection=\count171
\c@paragraph=\count172
\c@subparagraph=\count173
\c@figure=\count174
\c@table=\count175
\abovecaptionskip=\skip47
\belowcaptionskip=\skip48
\bibindent=\dimen134
) (/usr/share/texlive/texmf-dist/tex/latex/base/inputenc.sty
Package: inputenc 2018/08/11 v1.3c Input encoding file
\inpenc@prehook=\toks14
\inpenc@posthook=\toks15
) (/usr/share/texlive/texmf-dist/tex/latex/geometry/geometry.sty
Package: geometry 2020/01/02 v5.9 Page Geometry
 (/usr/share/texlive/texmf-dist/tex/latex/graphics/keyval.sty
Package: keyval 2014/10/28 v1.15 key=value parser (DPC)
\KV@toks@=\toks16
) (/usr/share/texlive/texmf-dist/tex/generic/iftex/ifvtex.sty
Package: ifvtex 2019/10/25 v1.7 ifvtex legacy package. Use iftex instead.
 (/usr/share/texlive/texmf-dist/tex/generic/iftex/iftex.sty
Package: iftex 2019/11/07 v1.0c TeX engine tests
))
\Gm@cnth=\count176
\Gm@cntv=\count177
\c@Gm@tempcnt=\count178
\Gm@bindingoffset=\dimen135
\Gm@wd@mp=\dimen136
\Gm@odd@mp=\dimen137
\Gm@even@mp=\dimen138
\Gm@layoutwidth=\dimen139
\Gm@layoutheight=\dimen140
\Gm@layouthoffset=\dimen141
\Gm@layoutvoffset=\dimen142
\Gm@dimlist=\toks17
) (/usr/share/texlive/texmf-dist/tex/latex/titlesec/titlesec.sty
Package: titlesec 2019/10/16 v2.13 Sectioning titles
\ttl@box=\box45
\beforetitleunit=\skip49
\aftertitleunit=\skip50
\ttl@plus=\dimen143
\ttl@minus=\dimen144
\ttl@toksa=\toks18
\titlewidth=\dimen145
\titlewidthlast=\dimen146
\titlewidthfirst=\dimen147
) (/usr/share/texlive/texmf-dist/tex/latex/xcolor/xcolor.sty
Package: xcolor 2016/05/11 v2.12 LaTeX color extensions (UK)
 (/usr/share/texlive/texmf-dist/tex/latex/graphics-cfg/color.cfg
File: color.cfg 2016/01/02 v1.6 sample color configuration
)
Package xcolor Info: Driver file: pdftex.def on input line 225.
 (/usr/share/texlive/texmf-dist/tex/latex/graphics-def/pdftex.def
File: pdftex.def 2018/01/08 v1.0l Graphics/color driver for pdftex
)
Package xcolor Info: Model `cmy' substituted by `cmy0' on input line 1348.
Package xcolor Info: Model `hsb' substituted by `rgb' on input line 1352.
Package xcolor Info: Model `RGB' extended on input line 1364.
Package xcolor Info: Model `HTML' substituted by `rgb' on input line 1366.
Package xcolor Info: Model `Hsb' substituted by `hsb' on input line 1367.
Package xcolor Info: Model `tHsb' substituted by `hsb' on input line 1368.
Package xcolor Info: Model `HSB' substituted by `hsb' on input line 1369.
Package xcolor Info: Model `Gray' substituted by `gray' on input line 1370.
Package xcolor Info: Model `wave' substituted by `hsb' on input line 1371.
 (/usr/share/texlive/texmf-dist/tex/latex/graphics/dvipsnam.def
File: dvipsnam.def 2016/06/17 v3.0m Driver-dependent file (DPC,SPQR)
)) (/usr/share/texlive/texmf-dist/tex/latex/hyperref/hyperref.sty
Package: hyperref 2020/01/14 v7.00d Hypertext links for LaTeX
 (/usr/share/texlive/texmf-dist/tex/generic/ltxcmds/ltxcmds.sty
Package: ltxcmds 2019/12/15 v1.24 LaTeX kernel commands for general use (HO)
) (/usr/share/texlive/texmf-dist/tex/latex/pdftexcmds/pdftexcmds.sty
Package: pdftexcmds 2019/11/24 v0.31 Utility functions of pdfTeX for LuaTeX (HO)
 (/usr/share/texlive/texmf-dist/tex/generic/infwarerr/infwarerr.sty
Package: infwarerr 2019/12/03 v1.5 Providing info/warning/error messages (HO)
)
Package pdftexcmds Info: \pdf@primitive is available.
Package pdftexcmds Info: \pdf@ifprimitive is available.
Package pdftexcmds Info: \pdfdraftmode found.
) (/usr/share/texlive/texmf-dist/tex/generic/kvsetkeys/kvsetkeys.sty
Package: kvsetkeys 2019/12/15 v1.18 Key value parser (HO)
) (/usr/share/texlive/texmf-dist/tex/generic/kvdefinekeys/kvdefinekeys.sty
Package: kvdefinekeys 2019-12-19 v1.6 Define keys (HO)
) (/usr/share/texlive/texmf-dist/tex/generic/pdfescape/pdfescape.sty
Package: pdfescape 2019/12/09 v1.15 Implements pdfTeX's escape features (HO)
) (/usr/share/texlive/texmf-dist/tex/latex/hycolor/hycolor.sty
Package: hycolor 2020-01-27 v1.10 Color options for hyperref/bookmark (HO)
) (/usr/share/texlive/texmf-dist/tex/latex/letltxmacro/letltxmacro.sty
Package: letltxmacro 2019/12/03 v1.6 Let assignment for LaTeX macros (HO)
) (/usr/share/texlive/texmf-dist/tex/latex/auxhook/auxhook.sty
Package: auxhook 2019-12-17 v1.6 Hooks for auxiliary files (HO)
) (/usr/share/texlive/texmf-dist/tex/latex/kvoptions/kvoptions.sty
Package: kvoptions 2019/11/29 v3.13 Key value format for package options (HO)
)
\@linkdim=\dimen148
\Hy@linkcounter=\count179
\Hy@pagecounter=\count180
 (/usr/share/texlive/texmf-dist/tex/latex/hyperref/pd1enc.def
File: pd1enc.def 2020/01/14 v7.00d Hyperref: PDFDocEncoding definition (HO)
Now handling font encoding PD1 ...
... no UTF-8 mapping file for font encoding PD1
) (/usr/share/texlive/texmf-dist/tex/generic/intcalc/intcalc.sty
Package: intcalc 2019/12/15 v1.3 Expandable calculations with integers (HO)
) (/usr/share/texlive/texmf-dist/tex/generic/etexcmds/etexcmds.sty
Package: etexcmds 2019/12/15 v1.7 Avoid name clashes with e-TeX commands (HO)
)
\Hy@SavedSpaceFactor=\count181
\pdfmajorversion=\count182
Package hyperref Info: Hyper figures OFF on input line 4547.
Package hyperref Info: Link nesting OFF on input line 4552.
Package hyperref Info: Hyper index ON on input line 4555.
Package hyperref Info: Plain pages OFF on input line 4562.
Package hyperref Info: Backreferencing OFF on input line 4567.
Package hyperref Info: Implicit mode ON; LaTeX internals redefined.
Package hyperref Info: Bookmarks ON on input line 4800.
\c@Hy@tempcnt=\count183
 (/usr/share/texlive/texmf-dist/tex/latex/url/url.sty
\Urlmuskip=\muskip16
Package: url 2013/09/16  ver 3.4  Verb mode for urls, etc.
)
LaTeX Info: Redefining \url on input line 5159.
\XeTeXLinkMargin=\dimen149
 (/usr/share/texlive/texmf-dist/tex/generic/bitset/bitset.sty
Package: bitset 2019/12/09 v1.3 Handle bit-vector datatype (HO)
 (/usr/share/texlive/texmf-dist/tex/generic/bigintcalc/bigintcalc.sty
Package: bigintcalc 2019/12/15 v1.5 Expandable calculations on big integers (HO)
))
\Fld@menulength=\count184
\Field@Width=\dimen150
\Fld@charsize=\dimen151
Package hyperref Info: Hyper figures OFF on input line 6430.
Package hyperref Info: Link nesting OFF on input line 6435.
Package hyperref Info: Hyper index ON on input line 6438.
Package hyperref Info: backreferencing OFF on input line 6445.
Package hyperref Info: Link coloring OFF on input line 6450.
Package hyperref Info: Link coloring with OCG OFF on input line 6455.
Package hyperref Info: PDF/A mode OFF on input line 6460.
LaTeX Info: Redefining \ref on input line 6500.
LaTeX Info: Redefining \pageref on input line 6504.
 (/usr/share/texlive/texmf-dist/tex/generic/atbegshi/atbegshi.sty
Package: atbegshi 2019/12/05 v1.19 At begin shipout hook (HO)
)
\Hy@abspage=\count185
\c@Item=\count186
\c@Hfootnote=\count187
)
Package hyperref Info: Driver (autodetected): hpdftex.
 (/usr/share/texlive/texmf-dist/tex/latex/hyperref/hpdftex.def
File: hpdftex.def 2020/01/14 v7.00d Hyperref driver for pdfTeX
 (/usr/share/texlive/texmf-dist/tex/latex/atveryend/atveryend.sty
Package: atveryend 2019-12-11 v1.11 Hooks at the very end of document (HO)
Package atveryend Info: \enddocument detected (standard20110627).
)
\Fld@listcount=\count188
\c@bookmark@seq@number=\count189
 (/usr/share/texlive/texmf-dist/tex/latex/rerunfilecheck/rerunfilecheck.sty
Package: rerunfilecheck 2019/12/05 v1.9 Rerun checks for auxiliary files (HO)
 (/usr/share/texlive/texmf-dist/tex/generic/uniquecounter/uniquecounter.sty
Package: uniquecounter 2019/12/15 v1.4 Provide unlimited unique counter (HO)
)
Package uniquecounter Info: New unique counter `rerunfilecheck' on input line 286.
)
\Hy@SectionHShift=\skip51
)
Package hyperref Info: Option `colorlinks' set `true' on input line 40.
 (/usr/share/texlive/texmf-dist/tex/latex/graphics/graphicx.sty
Package: graphicx 2019/11/30 v1.2a Enhanced LaTeX Graphics (DPC,SPQR)
 (/usr/share/texlive/texmf-dist/tex/latex/graphics/graphics.sty
Package: graphics 2019/11/30 v1.4a Standard LaTeX Graphics (DPC,SPQR)
 (/usr/share/texlive/texmf-dist/tex/latex/graphics/trig.sty
Package: trig 2016/01/03 v1.10 sin cos tan (DPC)
) (/usr/share/texlive/texmf-dist/tex/latex/graphics-cfg/graphics.cfg
File: graphics.cfg 2016/06/04 v1.11 sample graphics configuration
)
Package graphics Info: Driver file: pdftex.def on input line 105.
)
\Gin@req@height=\dimen152
\Gin@req@width=\dimen153
) (/usr/share/texlive/texmf-dist/tex/latex/adjustbox/adjustbox.sty
Package: adjustbox 2019/01/04 v1.2 Adjusting TeX boxes (trim, clip, ...)
 (/usr/share/texlive/texmf-dist/tex/latex/xkeyval/xkeyval.sty
Package: xkeyval 2014/12/03 v2.7a package option processing (HA)
 (/usr/share/texlive/texmf-dist/tex/generic/xkeyval/xkeyval.tex (/usr/share/texlive/texmf-dist/tex/generic/xkeyval/xkvutils.tex
\XKV@toks=\toks19
\XKV@tempa@toks=\toks20
)
\XKV@depth=\count190
File: xkeyval.tex 2014/12/03 v2.7a key=value parser (HA)
)) (/usr/share/texlive/texmf-dist/tex/latex/adjustbox/adjcalc.sty
Package: adjcalc 2012/05/16 v1.1 Provides advanced setlength with multiple back-ends (calc, etex, pgfmath)
) (/usr/share/texlive/texmf-dist/tex/latex/adjustbox/trimclip.sty
Package: trimclip 2018/04/08 v1.1 Trim and clip general TeX material
 (/usr/share/texlive/texmf-dist/tex/latex/collectbox/collectbox.sty
Package: collectbox 2012/05/17 v0.4b Collect macro arguments as boxes
\collectedbox=\box46
)
\tc@llx=\dimen154
\tc@lly=\dimen155
\tc@urx=\dimen156
\tc@ury=\dimen157
Package trimclip Info: Using driver 'tc-pdftex.def'.
 (/usr/share/texlive/texmf-dist/tex/latex/adjustbox/tc-pdftex.def
File: tc-pdftex.def 2019/01/04 v2.2 Clipping driver for pdftex
))
\adjbox@Width=\dimen158
\adjbox@Height=\dimen159
\adjbox@Depth=\dimen160
\adjbox@Totalheight=\dimen161
\adjbox@pwidth=\dimen162
\adjbox@pheight=\dimen163
\adjbox@pdepth=\dimen164
\adjbox@ptotalheight=\dimen165
 (/usr/share/texlive/texmf-dist/tex/latex/ifoddpage/ifoddpage.sty
Package: ifoddpage 2016/04/23 v1.1 Conditionals for odd/even page detection
\c@checkoddpage=\count191
) (/usr/share/texlive/texmf-dist/tex/latex/varwidth/varwidth.sty
Package: varwidth 2009/03/30 ver 0.92;  Variable-width minipages
\@vwid@box=\box47
\sift@deathcycles=\count192
\@vwid@loff=\dimen166
\@vwid@roff=\dimen167
)) (/usr/share/texlive/texmf-dist/tex/latex/subfig/subfig.sty
Package: subfig 2005/06/28 ver: 1.3 subfig package
 (/usr/share/texlive/texmf-dist/tex/latex/caption/caption.sty
Package: caption 2020/01/03 v3.4h Customizing captions (AR)
 (/usr/share/texlive/texmf-dist/tex/latex/caption/caption3.sty
Package: caption3 2020/01/03 v1.8h caption3 kernel (AR)
Package caption3 Info: TeX engine: e-TeX on input line 61.
\captionmargin=\dimen168
\captionmargin@=\dimen169
\captionwidth=\dimen170
\caption@tempdima=\dimen171
\caption@indent=\dimen172
\caption@parindent=\dimen173
\caption@hangindent=\dimen174
Package caption Info: Standard document class detected.
)
\c@caption@flags=\count193
\c@continuedfloat=\count194
Package caption Info: hyperref package is loaded.
)
\c@KVtest=\count195
\sf@farskip=\skip52
\sf@captopadj=\dimen175
\sf@capskip=\skip53
\sf@nearskip=\skip54
\c@subfigure=\count196
\c@subfigure@save=\count197
\c@lofdepth=\count198
\c@subtable=\count199
\c@subtable@save=\count266
\c@lotdepth=\count267
\sf@top=\skip55
\sf@bottom=\skip56
) (/usr/share/texlive/texmf-dist/tex/latex/amsfonts/amssymb.sty
Package: amssymb 2013/01/14 v3.01 AMS font symbols
 (/usr/share/texlive/texmf-dist/tex/latex/amsfonts/amsfonts.sty
Package: amsfonts 2013/01/14 v3.01 Basic AMSFonts support
\@emptytoks=\toks21
\symAMSa=\mathgroup4
\symAMSb=\mathgroup5
LaTeX Font Info:    Redeclaring math symbol \hbar on input line 98.
LaTeX Font Info:    Overwriting math alphabet `\mathfrak' in version `bold'
(Font)                  U/euf/m/n --> U/euf/b/n on input line 106.
)) (/usr/share/texlive/texmf-dist/tex/latex/amsmath/amsmath.sty
Package: amsmath 2020/01/20 v2.17e AMS math features
\@mathmargin=\skip57

For additional information on amsmath, use the `?' option.
(/usr/share/texlive/texmf-dist/tex/latex/amsmath/amstext.sty
Package: amstext 2000/06/29 v2.01 AMS text
 (/usr/share/texlive/texmf-dist/tex/latex/amsmath/amsgen.sty
File: amsgen.sty 1999/11/30 v2.0 generic functions
\@emptytoks=\toks22
\ex@=\dimen176
)) (/usr/share/texlive/texmf-dist/tex/latex/amsmath/amsbsy.sty
Package: amsbsy 1999/11/29 v1.2d Bold Symbols
\pmbraise@=\dimen177
) (/usr/share/texlive/texmf-dist/tex/latex/amsmath/amsopn.sty
Package: amsopn 2016/03/08 v2.02 operator names
)
\inf@bad=\count268
LaTeX Info: Redefining \frac on input line 227.
\uproot@=\count269
\leftroot@=\count270
LaTeX Info: Redefining \overline on input line 389.
\classnum@=\count271
\DOTSCASE@=\count272
LaTeX Info: Redefining \ldots on input line 486.
LaTeX Info: Redefining \dots on input line 489.
LaTeX Info: Redefining \cdots on input line 610.
\Mathstrutbox@=\box48
\strutbox@=\box49
\big@size=\dimen178
LaTeX Font Info:    Redeclaring font encoding OML on input line 733.
LaTeX Font Info:    Redeclaring font encoding OMS on input line 734.
\macc@depth=\count273
\c@MaxMatrixCols=\count274
\dotsspace@=\muskip17
\c@parentequation=\count275
\dspbrk@lvl=\count276
\tag@help=\toks23
\row@=\count277
\column@=\count278
\maxfields@=\count279
\andhelp@=\toks24
\eqnshift@=\dimen179
\alignsep@=\dimen180
\tagshift@=\dimen181
\tagwidth@=\dimen182
\totwidth@=\dimen183
\lineht@=\dimen184
\@envbody=\toks25
\multlinegap=\skip58
\multlinetaggap=\skip59
\mathdisplay@stack=\toks26
LaTeX Info: Redefining \[ on input line 2859.
LaTeX Info: Redefining \] on input line 2860.
) (/usr/share/texlive/texmf-dist/tex/latex/amscls/amsthm.sty
Package: amsthm 2017/10/31 v2.20.4
\thm@style=\toks27
\thm@bodyfont=\toks28
\thm@headfont=\toks29
\thm@notefont=\toks30
\thm@headpunct=\toks31
\thm@preskip=\skip60
\thm@postskip=\skip61
\thm@headsep=\skip62
\dth@everypar=\toks32
)
\c@definition=\count280
\c@eg=\count281
\c@codeblock=\count282
 (/usr/share/texlive/texmf-dist/tex/latex/glossaries/base/glossaries.sty
Package: glossaries 2020/02/13 v4.45 (NLCT)
 (/usr/share/texlive/texmf-dist/tex/latex/base/ifthen.sty
Package: ifthen 2014/09/29 v1.1c Standard LaTeX ifthen package (DPC)
) (/usr/share/texlive/texmf-dist/tex/latex/mfirstuc/mfirstuc.sty
Package: mfirstuc 2017/11/14 v2.06 (NLCT)
 (/usr/share/texlive/texmf-dist/tex/latex/etoolbox/etoolbox.sty
Package: etoolbox 2019/09/21 v2.5h e-TeX tools for LaTeX (JAW)
\etb@tempcnta=\count283
)
\@glsmfirst=\toks33
\@glsmrest=\toks34
) (/usr/share/texlive/texmf-dist/tex/latex/textcase/textcase.sty
Package: textcase 2019/09/14 v1.00 Text only upper/lower case changing (DPC)
) (/usr/share/texlive/texmf-dist/tex/latex/xfor/xfor.sty
Package: xfor 2009/02/05 v1.05 (NLCT)
) (/usr/share/texlive/texmf-dist/tex/latex/datatool/datatool-base.sty
Package: datatool-base 2019/09/27 v2.32 (NLCT)
 (/usr/share/texlive/texmf-dist/tex/latex/substr/substr.sty
Package: substr 2009/10/20 v1.2 Handle substrings
\c@su@anzahl=\count284
) (/usr/share/texlive/texmf-dist/tex/latex/datatool/datatool-fp.sty
Package: datatool-fp 2019/09/27 v2.32 (NLCT)
 (/usr/share/texlive/texmf-dist/tex/latex/fp/fp.sty
Package: fp 1995/04/02
 `Fixed Point Package', Version 0.8, April 2, 1995 (C) Michael Mehlich (/usr/share/texlive/texmf-dist/tex/latex/fp/defpattern.sty
Package: defpattern 1994/10/12
\actioncount=\count285
) (/usr/share/texlive/texmf-dist/tex/latex/fp/fp-basic.sty
Package: fp-basic 1996/05/13
\FP@xs=\count286
\FP@xia=\count287
\FP@xib=\count288
\FP@xfa=\count289
\FP@xfb=\count290
\FP@rega=\count291
\FP@regb=\count292
\FP@regs=\count293
\FP@times=\count294
) (/usr/share/texlive/texmf-dist/tex/latex/fp/fp-addons.sty
Package: fp-addons 1995/03/15
) (/usr/share/texlive/texmf-dist/tex/latex/fp/fp-snap.sty
Package: fp-snap 1995/04/05
) (/usr/share/texlive/texmf-dist/tex/latex/fp/fp-exp.sty
Package: fp-exp 1995/04/03
) (/usr/share/texlive/texmf-dist/tex/latex/fp/fp-trigo.sty
Package: fp-trigo 1995/04/14
) (/usr/share/texlive/texmf-dist/tex/latex/fp/fp-pas.sty
Package: fp-pas 1994/08/29
) (/usr/share/texlive/texmf-dist/tex/latex/fp/fp-random.sty
Package: fp-random 1995/02/23
\FPseed=\count295
) (/usr/share/texlive/texmf-dist/tex/latex/fp/fp-eqn.sty
Package: fp-eqn 1995/04/03
) (/usr/share/texlive/texmf-dist/tex/latex/fp/fp-upn.sty
Package: fp-upn 1996/10/21
) (/usr/share/texlive/texmf-dist/tex/latex/fp/fp-eval.sty
Package: fp-eval 1995/04/03
)))
\@dtl@toks=\toks35
\@dtl@tmpcount=\count296
\dtl@tmplength=\skip63
\dtl@sortresult=\count297
\@dtl@numgrpsepcount=\count298
\@dtl@datatype=\count299
\dtl@codeA=\count300
\dtl@codeB=\count301
\@dtl@foreach@level=\count302
) (/usr/share/texlive/texmf-dist/tex/latex/glossaries/base/glossaries-compatible-307.sty
Package: glossaries-compatible-307 2020/02/13 v4.45 (NLCT)
)
\gls@level=\count303
\@gls@tmpb=\toks36
\gls@tmplen=\skip64
\glskeylisttok=\toks37
\glslabeltok=\toks38
\glsshorttok=\toks39
\glslongtok=\toks40
 (/usr/share/texlive/texmf-dist/tex/latex/glossaries/styles/glossary-hypernav.sty
Package: glossary-hypernav 2020/02/13 v4.45 (NLCT)
) (/usr/share/texlive/texmf-dist/tex/latex/glossaries/styles/glossary-list.sty
Package: glossary-list 2020/02/13 v4.45 (NLCT)
\glslistdottedwidth=\skip65
) (/usr/share/texlive/texmf-dist/tex/latex/glossaries/styles/glossary-long.sty
Package: glossary-long 2020/02/13 v4.45 (NLCT)
 (/usr/share/texlive/texmf-dist/tex/latex/tools/longtable.sty
Package: longtable 2020/01/07 v4.13 Multi-page Table package (DPC)
\LTleft=\skip66
\LTright=\skip67
\LTpre=\skip68
\LTpost=\skip69
\LTchunksize=\count304
\LTcapwidth=\dimen185
\LT@head=\box50
\LT@firsthead=\box51
\LT@foot=\box52
\LT@lastfoot=\box53
\LT@cols=\count305
\LT@rows=\count306
\c@LT@tables=\count307
\c@LT@chunks=\count308
\LT@p@ftn=\toks41
)
\glsdescwidth=\skip70
\glspagelistwidth=\skip71
) (/usr/share/texlive/texmf-dist/tex/latex/glossaries/styles/glossary-super.sty
Package: glossary-super 2020/02/13 v4.45 (NLCT)
 (/usr/share/texlive/texmf-dist/tex/latex/supertabular/supertabular.sty
Package: supertabular 2020/02/02 v4.1g the supertabular environment
\c@tracingst=\count309
\ST@wd=\dimen186
\ST@rightskip=\skip72
\ST@leftskip=\skip73
\ST@parfillskip=\skip74
\ST@pageleft=\dimen187
\ST@headht=\dimen188
\ST@tailht=\dimen189
\ST@pagesofar=\dimen190
\ST@pboxht=\dimen191
\ST@lineht=\dimen192
\ST@prevht=\dimen193
\ST@toadd=\dimen194
\ST@dimen=\dimen195
\ST@pbox=\box54
)) (/usr/share/texlive/texmf-dist/tex/latex/glossaries/styles/glossary-tree.sty
Package: glossary-tree 2020/02/13 v4.45 (NLCT)
\glstreeindent=\skip75
)) (/usr/share/texlive/texmf-dist/tex/latex/glossaries/styles/glossary-mcols.sty
Package: glossary-mcols 2020/02/13 v4.45 (NLCT)
 (/usr/share/texlive/texmf-dist/tex/latex/tools/multicol.sty
Package: multicol 2019/12/09 v1.8y multicolumn formatting (FMi)
\c@tracingmulticols=\count310
\mult@box=\box55
\multicol@leftmargin=\dimen196
\c@unbalance=\count311
\c@collectmore=\count312
\doublecol@number=\count313
\multicoltolerance=\count314
\multicolpretolerance=\count315
\full@width=\dimen197
\page@free=\dimen198
\premulticols=\dimen199
\postmulticols=\dimen256
\multicolsep=\skip76
\multicolbaselineskip=\skip77
\partial@page=\box56
\last@line=\box57
\maxbalancingoverflow=\dimen257
\mult@rightbox=\box58
\mult@grightbox=\box59
\mult@gfirstbox=\box60
\mult@firstbox=\box61
\@tempa=\box62
\@tempa=\box63
\@tempa=\box64
\@tempa=\box65
\@tempa=\box66
\@tempa=\box67
\@tempa=\box68
\@tempa=\box69
\@tempa=\box70
\@tempa=\box71
\@tempa=\box72
\@tempa=\box73
\@tempa=\box74
\@tempa=\box75
\@tempa=\box76
\@tempa=\box77
\@tempa=\box78
\@tempa=\box79
\@tempa=\box80
\@tempa=\box81
\@tempa=\box82
\@tempa=\box83
\@tempa=\box84
\@tempa=\box85
\@tempa=\box86
\@tempa=\box87
\@tempa=\box88
\@tempa=\box89
\@tempa=\box90
\@tempa=\box91
\@tempa=\box92
\@tempa=\box93
\@tempa=\box94
\@tempa=\box95
\@tempa=\box96
\@tempa=\box97
\@tempa=\box98
\c@minrows=\count316
\c@columnbadness=\count317
\c@finalcolumnbadness=\count318
\last@try=\dimen258
\multicolovershoot=\dimen259
\multicolundershoot=\dimen260
\mult@nat@firstbox=\box99
\colbreak@box=\box100
\mc@col@check@num=\count319
))
\glswrite=\write3
\glo@main@file=\write4
\openout4 = `Reti.glo'.

Package glossaries Info: Writing glossary file Reti.glo on input line 120.
\glo@glos@file=\write5
\openout5 = `Reti.glos-glo'.

Package glossaries Info: Writing glossary file Reti.glos-glo on input line 120.
\glo@prot@file=\write6
\openout6 = `Reti.prot-glo'.

Package glossaries Info: Writing glossary file Reti.prot-glo on input line 120.
 (./glossaries/glossario.tex) (./glossaries/protocolli.tex) (/usr/share/texlive/texmf-dist/tex/latex/numprint/numprint.sty
Package: numprint 2012/08/20 v1.39 Print numbers (HH)
 (/usr/share/texlive/texmf-dist/tex/latex/tools/array.sty
Package: array 2019/08/31 v2.4l Tabular extension package (FMi)
\col@sep=\dimen261
\ar@mcellbox=\box101
\extrarowheight=\dimen262
\NC@list=\toks42
\extratabsurround=\skip78
\backup@length=\skip79
\ar@cellbox=\box102
)
\c@nprt@mantissa@digitsbefore=\count320
\c@nprt@mantissa@digitsafter=\count321
\c@nprt@exponent@digitsbefore=\count322
\c@nprt@exponent@digitsafter=\count323
\nprt@digitwidth=\skip80
\nprt@sepwidth=\skip81
\nprt@decimalwidth=\skip82
\nprt@blockwidth=\skip83
\nprt@digittoks=\toks43
\nprt@pretoks=\toks44
\nprt@posttoks=\toks45
\nprt@thisdigit=\count324
\nprt@curpos=\count325
\nprt@rndpos=\count326
\c@nprt@digitsfirstblock=\count327
\c@nprt@blockcnt=\count328
\c@nprt@cntprint=\count329
 No configuration file `numprint.cfg' found.) (/usr/share/texlive/texmf-dist/tex/latex/listings/listings.sty
\lst@mode=\count330
\lst@gtempboxa=\box103
\lst@token=\toks46
\lst@length=\count331
\lst@currlwidth=\dimen263
\lst@column=\count332
\lst@pos=\count333
\lst@lostspace=\dimen264
\lst@width=\dimen265
\lst@newlines=\count334
\lst@lineno=\count335
\lst@maxwidth=\dimen266
 (/usr/share/texlive/texmf-dist/tex/latex/listings/lstmisc.sty
File: lstmisc.sty 2019/09/10 1.8c (Carsten Heinz)
\c@lstnumber=\count336
\lst@skipnumbers=\count337
\lst@framebox=\box104
) (/usr/share/texlive/texmf-dist/tex/latex/listings/listings.cfg
File: listings.cfg 2019/09/10 1.8c listings configuration
))
Package: listings 2019/09/10 1.8c (Carsten Heinz)
 (/usr/share/texlive/texmf-dist/tex/latex/appendix/appendix.sty
Package: appendix 2020/02/08 v1.2c extra appendix facilities
\c@@pps=\count338
\c@@ppsavesec=\count339
\c@@ppsaveapp=\count340
) (/usr/share/texlive/texmf-dist/tex/latex/hyperref/nameref.sty
Package: nameref 2019/09/16 v2.46 Cross-referencing by name of section
 (/usr/share/texlive/texmf-dist/tex/latex/refcount/refcount.sty
Package: refcount 2019/12/15 v3.6 Data extraction from label references (HO)
) (/usr/share/texlive/texmf-dist/tex/generic/gettitlestring/gettitlestring.sty
Package: gettitlestring 2019/12/15 v1.6 Cleanup title references (HO)
)
\c@section@level=\count341
) (/usr/share/texlive/texmf-dist/tex/latex/tools/bm.sty
Package: bm 2019/07/24 v1.2d Bold Symbol Support (DPC/FMi)
\symboldoperators=\mathgroup6
\symboldletters=\mathgroup7
\symboldsymbols=\mathgroup8
LaTeX Font Info:    Redeclaring math alphabet \mathbf on input line 141.
LaTeX Info: Redefining \bm on input line 209.
) (/usr/share/texlive/texmf-dist/tex/latex/l3backend/l3backend-pdfmode.def
File: l3backend-pdfmode.def 2020-02-03 L3 backend support: PDF mode
\l__kernel_color_stack_int=\count342
\l__pdf_internal_box=\box105
) (./Reti.aux (./chapters/introduzione.aux) (./chapters/livello_applicativo.aux) (./chapters/livello_trasporto.aux) (./chapters/livello_rete.aux) (./chapters/protocolli_instradamento.aux) (./chapters/livello_data_link.aux) (./chapters/appendices/appendix_a.aux))
\openout1 = `Reti.aux'.

LaTeX Font Info:    Checking defaults for OML/cmm/m/it on input line 134.
LaTeX Font Info:    ... okay on input line 134.
LaTeX Font Info:    Checking defaults for OMS/cmsy/m/n on input line 134.
LaTeX Font Info:    ... okay on input line 134.
LaTeX Font Info:    Checking defaults for OT1/cmr/m/n on input line 134.
LaTeX Font Info:    ... okay on input line 134.
LaTeX Font Info:    Checking defaults for T1/cmr/m/n on input line 134.
LaTeX Font Info:    ... okay on input line 134.
LaTeX Font Info:    Checking defaults for TS1/cmr/m/n on input line 134.
LaTeX Font Info:    ... okay on input line 134.
LaTeX Font Info:    Checking defaults for OMX/cmex/m/n on input line 134.
LaTeX Font Info:    ... okay on input line 134.
LaTeX Font Info:    Checking defaults for U/cmr/m/n on input line 134.
LaTeX Font Info:    ... okay on input line 134.
LaTeX Font Info:    Checking defaults for PD1/pdf/m/n on input line 134.
LaTeX Font Info:    ... okay on input line 134.

*geometry* driver: auto-detecting
*geometry* detected driver: pdftex
*geometry* verbose mode - [ preamble ] result:
* driver: pdftex
* paper: a4paper
* layout: <same size as paper>
* layoutoffset:(h,v)=(0.0pt,0.0pt)
* modes: 
* h-part:(L,W,R)=(56.9055pt, 483.69684pt, 56.90553pt)
* v-part:(T,H,B)=(56.9055pt, 731.23582pt, 56.90552pt)
* \paperwidth=597.50787pt
* \paperheight=845.04684pt
* \textwidth=483.69684pt
* \textheight=731.23582pt
* \oddsidemargin=-15.36449pt
* \evensidemargin=-15.36449pt
* \topmargin=-52.36449pt
* \headheight=12.0pt
* \headsep=25.0pt
* \topskip=12.0pt
* \footskip=30.0pt
* \marginparwidth=35.0pt
* \marginparsep=10.0pt
* \columnsep=10.0pt
* \skip\footins=10.8pt plus 4.0pt minus 2.0pt
* \hoffset=0.0pt
* \voffset=0.0pt
* \mag=1000
* \@twocolumnfalse
* \@twosidefalse
* \@mparswitchfalse
* \@reversemarginfalse
* (1in=72.27pt=25.4mm, 1cm=28.453pt)

(/usr/share/texlive/texmf-dist/tex/context/base/mkii/supp-pdf.mkii
[Loading MPS to PDF converter (version 2006.09.02).]
\scratchcounter=\count343
\scratchdimen=\dimen267
\scratchbox=\box106
\nofMPsegments=\count344
\nofMParguments=\count345
\everyMPshowfont=\toks47
\MPscratchCnt=\count346
\MPscratchDim=\dimen268
\MPnumerator=\count347
\makeMPintoPDFobject=\count348
\everyMPtoPDFconversion=\toks48
) (/usr/share/texlive/texmf-dist/tex/latex/epstopdf-pkg/epstopdf-base.sty
Package: epstopdf-base 2020-01-24 v2.11 Base part for package epstopdf
Package epstopdf-base Info: Redefining graphics rule for `.eps' on input line 485.
 (/usr/share/texlive/texmf-dist/tex/latex/latexconfig/epstopdf-sys.cfg
File: epstopdf-sys.cfg 2010/07/13 v1.3 Configuration of (r)epstopdf for TeX Live
))
\AtBeginShipoutBox=\box107
Package hyperref Info: Link coloring ON on input line 134.
LaTeX Info: Redefining \ref on input line 134.
LaTeX Info: Redefining \pageref on input line 134.
LaTeX Info: Redefining \nameref on input line 134.
 (./Reti.out) (./Reti.out)
\@outlinefile=\write7
\openout7 = `Reti.out'.

Package caption Info: Begin \AtBeginDocument code.
Package caption Info: subfig package v1.3 is loaded.
Package caption Info: listings package is loaded.
Package caption Info: longtable package is loaded.
 (/usr/share/texlive/texmf-dist/tex/latex/caption/ltcaption.sty
Package: ltcaption 2018/08/26 v1.4a longtable captions (AR)
)
Package caption Info: supertabular package is loaded.
Package caption Info: End \AtBeginDocument code.
\c@lstlisting=\count349
LaTeX Font Info:    Trying to load font information for U+msa on input line 136.
 (/usr/share/texlive/texmf-dist/tex/latex/amsfonts/umsa.fd
File: umsa.fd 2013/01/14 v3.01 AMS symbols A
)
LaTeX Font Info:    Trying to load font information for U+msb on input line 136.
 (/usr/share/texlive/texmf-dist/tex/latex/amsfonts/umsb.fd
File: umsb.fd 2013/01/14 v3.01 AMS symbols B
) [1

\openout3 = `Reti.ist'.

{/var/lib/texmf/fonts/map/pdftex/updmap/pdftex.map}] (./Reti.tocpdfTeX warning (ext4): destination with the same identifier (name{page.1}) has been already used, duplicate ignored
<to be read again> 
                   \relax 
l.84 ...stione della congestione}{46}{section.3.5}
                                                  % [1

] [2] [3])
\tf@toc=\write8
\openout8 = `Reti.toc'.

 [4]
\openout2 = `chapters/introduzione.aux'.

 (./chapters/introduzione.tex
Chapter 1.
[5


] [6] [7]
<images/fdm-tdm.png, id=751, 817.0525pt x 376.40625pt>
File: images/fdm-tdm.png Graphic file (type png)
<use images/fdm-tdm.png>
Package pdftex.def Info: images/fdm-tdm.png  used on input line 192.
(pdftex.def)             Requested size: 483.69684pt x 222.83589pt.
 [8 <./images/fdm-tdm.png>] [9]
<./images/stack-protocollari-a-confronto.jpg, id=772, 513.92pt x 361.35pt>
File: ./images/stack-protocollari-a-confronto.jpg Graphic file (type jpg)
<use ./images/stack-protocollari-a-confronto.jpg>
Package pdftex.def Info: ./images/stack-protocollari-a-confronto.jpg  used on input line 271.
(pdftex.def)             Requested size: 308.35437pt x 216.81168pt.
 [10 <./images/stack-protocollari-a-confronto.jpg>]
<./images/modularizzazione-protocolli.png, id=787, 949.5475pt x 460.72125pt>
File: ./images/modularizzazione-protocolli.png Graphic file (type png)
<use ./images/modularizzazione-protocolli.png>
Package pdftex.def Info: ./images/modularizzazione-protocolli.png  used on input line 313.
(pdftex.def)             Requested size: 483.69684pt x 234.69055pt.
<./images/comunicazione-servizi-diverso-livello.png, id=790, 966.61125pt x 409.53pt>
File: ./images/comunicazione-servizi-diverso-livello.png Graphic file (type png)
<use ./images/comunicazione-servizi-diverso-livello.png>
Package pdftex.def Info: ./images/comunicazione-servizi-diverso-livello.png  used on input line 324.
(pdftex.def)             Requested size: 241.65222pt x 102.38225pt.
<./images/comunicazione-servizi-stesso-livello.png, id=791, 893.3375pt x 531.9875pt>
File: ./images/comunicazione-servizi-stesso-livello.png Graphic file (type png)
<use ./images/comunicazione-servizi-stesso-livello.png>
Package pdftex.def Info: ./images/comunicazione-servizi-stesso-livello.png  used on input line 326.
(pdftex.def)             Requested size: 223.33382pt x 132.99655pt.
 [11 <./images/modularizzazione-protocolli.png> <./images/comunicazione-servizi-diverso-livello.png> <./images/comunicazione-servizi-stesso-livello.png>]
<./images/schema-di-un-PDU.png, id=812, 914.41624pt x 136.51pt>
File: ./images/schema-di-un-PDU.png Graphic file (type png)
<use ./images/schema-di-un-PDU.png>
Package pdftex.def Info: ./images/schema-di-un-PDU.png  used on input line 353.
(pdftex.def)             Requested size: 483.69684pt x 72.2083pt.
) [12 <./images/schema-di-un-PDU.png>]
\openout2 = `chapters/livello_applicativo.aux'.

 (./chapters/livello_applicativo.tex
Chapter 2.
[13



]
<./images/modello-client-server.png, id=835, 468.75125pt x 373.395pt>
File: ./images/modello-client-server.png Graphic file (type png)
<use ./images/modello-client-server.png>
Package pdftex.def Info: ./images/modello-client-server.png  used on input line 53.
(pdftex.def)             Requested size: 193.47577pt x 154.1128pt.
<./images/modello-p2p-decentralizzato.png, id=836, 348.30125pt x 237.88875pt>
File: ./images/modello-p2p-decentralizzato.png Graphic file (type png)
<use ./images/modello-p2p-decentralizzato.png>
Package pdftex.def Info: ./images/modello-p2p-decentralizzato.png  used on input line 81.
(pdftex.def)             Requested size: 139.31802pt x 95.15381pt.
<./images/modello-p2p-centralizzato.png, id=837, 371.3875pt x 268.00125pt>
File: ./images/modello-p2p-centralizzato.png Graphic file (type png)
<use ./images/modello-p2p-centralizzato.png>
Package pdftex.def Info: ./images/modello-p2p-centralizzato.png  used on input line 83.
(pdftex.def)             Requested size: 148.55235pt x 107.1986pt.
<./images/modello-p2p-ibrido.png, id=838, 388.45125pt x 259.97125pt>
File: ./images/modello-p2p-ibrido.png Graphic file (type png)
<use ./images/modello-p2p-ibrido.png>
Package pdftex.def Info: ./images/modello-p2p-ibrido.png  used on input line 85.
(pdftex.def)             Requested size: 155.37773pt x 103.98665pt.
 [14 <./images/modello-client-server.png> <./images/modello-p2p-decentralizzato.png> <./images/modello-p2p-centralizzato.png> <./images/modello-p2p-ibrido.png>]
<./images/rete-data-center.png, id=853, 1135.24126pt x 488.82625pt>
File: ./images/rete-data-center.png Graphic file (type png)
<use ./images/rete-data-center.png>
Package pdftex.def Info: ./images/rete-data-center.png  used on input line 149.
(pdftex.def)             Requested size: 483.69684pt x 208.27425pt.
 [15] [16 <./images/rete-data-center.png>]
<./images/socket-tcp.png, id=871, 1072.005pt x 390.45876pt>
File: ./images/socket-tcp.png Graphic file (type png)
<use ./images/socket-tcp.png>
Package pdftex.def Info: ./images/socket-tcp.png  used on input line 231.
(pdftex.def)             Requested size: 483.69684pt x 176.17548pt.
<./images/socket-tcp-funzionamento.png, id=873, 1465.475pt x 970.62625pt>
File: ./images/socket-tcp-funzionamento.png Graphic file (type png)
<use ./images/socket-tcp-funzionamento.png>
Package pdftex.def Info: ./images/socket-tcp-funzionamento.png  used on input line 248.
(pdftex.def)             Requested size: 439.64589pt x 291.19012pt.
 [17 <./images/socket-tcp.png>] [18 <./images/socket-tcp-funzionamento.png>]
<./images/richiesta-http-struttura.png, id=904, 1304.875pt x 782.925pt>
File: ./images/richiesta-http-struttura.png Graphic file (type png)
<use ./images/richiesta-http-struttura.png>
Package pdftex.def Info: ./images/richiesta-http-struttura.png  used on input line 329.
(pdftex.def)             Requested size: 483.69684pt x 290.2153pt.
 [19 <./images/richiesta-http-struttura.png>]
<./images/risposta-http-struttura.png, id=914, 1284.8pt x 782.925pt>
File: ./images/risposta-http-struttura.png Graphic file (type png)
<use ./images/risposta-http-struttura.png>
Package pdftex.def Info: ./images/risposta-http-struttura.png  used on input line 354.
(pdftex.def)             Requested size: 483.69684pt x 294.75496pt.
 [20 <./images/risposta-http-struttura.png>]
<./images/binary-framing.png, id=922, 854.19125pt x 445.665pt>
File: ./images/binary-framing.png Graphic file (type png)
<use ./images/binary-framing.png>
Package pdftex.def Info: ./images/binary-framing.png  used on input line 393.
(pdftex.def)             Requested size: 338.5863pt x 176.65117pt.
 [21 <./images/binary-framing.png>]
<./images/http2-stream.png, id=931, 740.7675pt x 604.2575pt>
File: ./images/http2-stream.png Graphic file (type png)
<use ./images/http2-stream.png>
Package pdftex.def Info: ./images/http2-stream.png  used on input line 413.
(pdftex.def)             Requested size: 222.23196pt x 181.27864pt.
<./images/http2-frame.png, id=932, 716.6775pt x 192.72pt>
File: ./images/http2-frame.png Graphic file (type png)
<use ./images/http2-frame.png>
Package pdftex.def Info: ./images/http2-frame.png  used on input line 415.
(pdftex.def)             Requested size: 250.84088pt x 67.453pt.
<./images/http2-connessione.png, id=933, 644.4075pt x 632.3625pt>
File: ./images/http2-connessione.png Graphic file (type png)
<use ./images/http2-connessione.png>
Package pdftex.def Info: ./images/http2-connessione.png  used on input line 435.
(pdftex.def)             Requested size: 338.5863pt x 332.26546pt.
 [22 <./images/http2-stream.png> <./images/http2-frame.png> <./images/http2-connessione.png>]
<./images/http2-server-push.png, id=945, 1015.795pt x 407.5225pt>
File: ./images/http2-server-push.png Graphic file (type png)
<use ./images/http2-server-push.png>
Package pdftex.def Info: ./images/http2-server-push.png  used on input line 445.
(pdftex.def)             Requested size: 338.5863pt x 135.8322pt.
<./images/http-cookie.png, id=946, 1087.06125pt x 581.17125pt>
File: ./images/http-cookie.png Graphic file (type png)
<use ./images/http-cookie.png>
Package pdftex.def Info: ./images/http-cookie.png  used on input line 468.
(pdftex.def)             Requested size: 483.69684pt x 258.59822pt.
 [23 <./images/http2-server-push.png> <./images/http-cookie.png>]
<./images/http-proxy.png, id=956, 582.175pt x 483.8075pt>
File: ./images/http-proxy.png Graphic file (type png)
<use ./images/http-proxy.png>
Package pdftex.def Info: ./images/http-proxy.png  used on input line 500.
(pdftex.def)             Requested size: 338.5863pt x 281.38368pt.
<./images/ftp.png, id=958, 543.02875pt x 239.89626pt>
File: ./images/ftp.png Graphic file (type png)
<use ./images/ftp.png>
Package pdftex.def Info: ./images/ftp.png  used on input line 513.
(pdftex.def)             Requested size: 338.5863pt x 149.58337pt.
 [24 <./images/http-proxy.png>]
LaTeX Font Info:    Trying to load font information for OML+cmr on input line 545.
 (/usr/share/texlive/texmf-dist/tex/latex/base/omlcmr.fd
File: omlcmr.fd 2019/12/16 v2.5j Standard LaTeX font definitions
)
LaTeX Font Info:    Font shape `OML/cmr/m/n' in size <8> not available
(Font)              Font shape `OML/cmm/m/it' tried instead on input line 545.
 [25 <./images/ftp.png>]
<./images/email.png, id=1001, 1023.825pt x 231.86626pt>
File: ./images/email.png Graphic file (type png)
<use ./images/email.png>
Package pdftex.def Info: ./images/email.png  used on input line 597.
(pdftex.def)             Requested size: 483.69684pt x 109.54323pt.
 [26 <./images/email.png>] [27]
<./images/gerarchia-dns.png, id=1034, 1031.855pt x 305.14pt>
File: ./images/gerarchia-dns.png Graphic file (type png)
<use ./images/gerarchia-dns.png>
Package pdftex.def Info: ./images/gerarchia-dns.png  used on input line 720.
(pdftex.def)             Requested size: 483.69684pt x 143.03867pt.
 [28 <./images/gerarchia-dns.png>]
<./images/query-iterativa.png, id=1043, 664.4825pt x 713.66624pt>
File: ./images/query-iterativa.png Graphic file (type png)
<use ./images/query-iterativa.png>
Package pdftex.def Info: ./images/query-iterativa.png  used on input line 746.
(pdftex.def)             Requested size: 241.84842pt x 259.75096pt.
<./images/query-ricorsiva.png, id=1044, 664.4825pt x 701.62125pt>
File: ./images/query-ricorsiva.png Graphic file (type png)
<use ./images/query-ricorsiva.png>
Package pdftex.def Info: ./images/query-ricorsiva.png  used on input line 748.
(pdftex.def)             Requested size: 241.84842pt x 255.36697pt.
 [29 <./images/query-iterativa.png> <./images/query-ricorsiva.png>]
<./images/messaggio-dns.png, id=1059, 652.4375pt x 482.80376pt>
File: ./images/messaggio-dns.png Graphic file (type png)
<use ./images/messaggio-dns.png>
Package pdftex.def Info: ./images/messaggio-dns.png  used on input line 786.
(pdftex.def)             Requested size: 338.5863pt x 250.55844pt.
) [30 <./images/messaggio-dns.png>]
\openout2 = `chapters/livello_trasporto.aux'.

 (./chapters/livello_trasporto.tex
Chapter 3.
[31



]
<./images/segmento-livello-trasporto.png, id=1078, 391.4625pt x 403.5075pt>
File: ./images/segmento-livello-trasporto.png Graphic file (type png)
<use ./images/segmento-livello-trasporto.png>
Package pdftex.def Info: ./images/segmento-livello-trasporto.png  used on input line 61.
(pdftex.def)             Requested size: 193.47577pt x 199.43205pt.
 [32 <./images/segmento-livello-trasporto.png>]
<./images/segmento-UDP.png, id=1088, 569.12625pt x 420.57124pt>
File: ./images/segmento-UDP.png Graphic file (type png)
<use ./images/segmento-UDP.png>
Package pdftex.def Info: ./images/segmento-UDP.png  used on input line 143.
(pdftex.def)             Requested size: 193.47577pt x 142.97307pt.
 [33 <./images/segmento-UDP.png>] [34]
<./images/schema-stop-and-wait.png, id=1109, 820.06375pt x 301.125pt>
File: ./images/schema-stop-and-wait.png Graphic file (type png)
<use ./images/schema-stop-and-wait.png>
Package pdftex.def Info: ./images/schema-stop-and-wait.png  used on input line 209.
(pdftex.def)             Requested size: 483.69684pt x 177.61626pt.
<./images/stop-and-wait-vs-pipelining.png, id=1114, 708.6475pt x 272.01625pt>
File: ./images/stop-and-wait-vs-pipelining.png Graphic file (type png)
<use ./images/stop-and-wait-vs-pipelining.png>
Package pdftex.def Info: ./images/stop-and-wait-vs-pipelining.png  used on input line 234.
(pdftex.def)             Requested size: 483.69684pt x 185.67004pt.
 [35 <./images/schema-stop-and-wait.png> <./images/stop-and-wait-vs-pipelining.png>]
<./images/stop-and-wait-pipelining.png, id=1129, 1168.365pt x 474.77374pt>
File: ./images/stop-and-wait-pipelining.png Graphic file (type png)
<use ./images/stop-and-wait-pipelining.png>
Package pdftex.def Info: ./images/stop-and-wait-pipelining.png  used on input line 245.
(pdftex.def)             Requested size: 483.69684pt x 196.55653pt.
 [36 <./images/stop-and-wait-pipelining.png>]
<./images/finestra-trasmissione.png, id=1143, 801.99625pt x 290.08376pt>
File: ./images/finestra-trasmissione.png Graphic file (type png)
<use ./images/finestra-trasmissione.png>
Package pdftex.def Info: ./images/finestra-trasmissione.png  used on input line 284.
(pdftex.def)             Requested size: 386.95894pt x 139.96452pt.
<./images/finestra-ricezione.png, id=1144, 804.00375pt x 254.9525pt>
File: ./images/finestra-ricezione.png Graphic file (type png)
<use ./images/finestra-ricezione.png>
Package pdftex.def Info: ./images/finestra-ricezione.png  used on input line 286.
(pdftex.def)             Requested size: 386.95894pt x 122.70258pt.
 [37 <./images/finestra-trasmissione.png> <./images/finestra-ricezione.png>]
<./images/go-back-n.png, id=1157, 1282.7925pt x 924.45375pt>
File: ./images/go-back-n.png Graphic file (type png)
<use ./images/go-back-n.png>
Package pdftex.def Info: ./images/go-back-n.png  used on input line 324.
(pdftex.def)             Requested size: 483.69684pt x 348.57361pt.
<./images/selective-repeat.png, id=1158, 945.5325pt x 545.03625pt>
File: ./images/selective-repeat.png Graphic file (type png)
<use ./images/selective-repeat.png>
Package pdftex.def Info: ./images/selective-repeat.png  used on input line 342.
(pdftex.def)             Requested size: 483.69684pt x 278.82141pt.
 [38 <./images/go-back-n.png>]
<./images/selective-repeat-problema-num-seq.png, id=1165, 904.37875pt x 754.82pt>
File: ./images/selective-repeat-problema-num-seq.png Graphic file (type png)
<use ./images/selective-repeat-problema-num-seq.png>
Package pdftex.def Info: ./images/selective-repeat-problema-num-seq.png  used on input line 387.
(pdftex.def)             Requested size: 386.95894pt x 322.96533pt.
 [39 <./images/selective-repeat.png>]
<./images/struttura-messaggi-tcp.png, id=1175, 893.3375pt x 546.04pt>
File: ./images/struttura-messaggi-tcp.png Graphic file (type png)
<use ./images/struttura-messaggi-tcp.png>
Package pdftex.def Info: ./images/struttura-messaggi-tcp.png  used on input line 420.
(pdftex.def)             Requested size: 362.77263pt x 221.74489pt.
 [40 <./images/selective-repeat-problema-num-seq.png>]
<./images/tcp-esempio-telnet.png, id=1188, 664.4825pt x 641.39626pt>
File: ./images/tcp-esempio-telnet.png Graphic file (type png)
<use ./images/tcp-esempio-telnet.png>
Package pdftex.def Info: ./images/tcp-esempio-telnet.png  used on input line 448.
(pdftex.def)             Requested size: 266.03473pt x 256.78883pt.
 [41 <./images/struttura-messaggi-tcp.png> <./images/tcp-esempio-telnet.png>]
<./images/tcp-three-way-handshake.png, id=1197, 711.65875pt x 686.565pt>
File: ./images/tcp-three-way-handshake.png Graphic file (type png)
<use ./images/tcp-three-way-handshake.png>
Package pdftex.def Info: ./images/tcp-three-way-handshake.png  used on input line 468.
(pdftex.def)             Requested size: 290.22105pt x 279.98491pt.
 [42 <./images/tcp-three-way-handshake.png>]
<./images/tcp-chiusura-gentile.png, id=1216, 985.6825pt x 730.73pt>
File: ./images/tcp-chiusura-gentile.png Graphic file (type png)
<use ./images/tcp-chiusura-gentile.png>
Package pdftex.def Info: ./images/tcp-chiusura-gentile.png  used on input line 520.
(pdftex.def)             Requested size: 386.95894pt x 286.8679pt.
<./images/tcp-chiusura-brusca.png, id=1217, 484.81125pt x 334.24875pt>
File: ./images/tcp-chiusura-brusca.png Graphic file (type png)
<use ./images/tcp-chiusura-brusca.png>
Package pdftex.def Info: ./images/tcp-chiusura-brusca.png  used on input line 539.
(pdftex.def)             Requested size: 193.47577pt x 133.39111pt.
 [43 <./images/tcp-chiusura-gentile.png>]
<./images/tcp-stima-rtt.png, id=1231, 973.6375pt x 640.3925pt>
File: ./images/tcp-stima-rtt.png Graphic file (type png)
<use ./images/tcp-stima-rtt.png>
Package pdftex.def Info: ./images/tcp-stima-rtt.png  used on input line 579.
(pdftex.def)             Requested size: 386.95894pt x 254.51083pt.
 [44 <./images/tcp-chiusura-brusca.png>]
<./images/buffering-al-ricevitore-tcp.png, id=1243, 484.81125pt x 349.305pt>
File: ./images/buffering-al-ricevitore-tcp.png Graphic file (type png)
<use ./images/buffering-al-ricevitore-tcp.png>
Package pdftex.def Info: ./images/buffering-al-ricevitore-tcp.png  used on input line 607.
(pdftex.def)             Requested size: 241.84842pt x 174.25232pt.
 [45 <./images/tcp-stima-rtt.png> <./images/buffering-al-ricevitore-tcp.png>]
<./images/controllo-flusso-tcp.png, id=1253, 724.7075pt x 518.93875pt>
File: ./images/controllo-flusso-tcp.png Graphic file (type png)
<use ./images/controllo-flusso-tcp.png>
Package pdftex.def Info: ./images/controllo-flusso-tcp.png  used on input line 613.
(pdftex.def)             Requested size: 290.22105pt x 207.81729pt.
<./images/sistemi-a-coda.png, id=1256, 622.325pt x 133.49875pt>
File: ./images/sistemi-a-coda.png Graphic file (type png)
<use ./images/sistemi-a-coda.png>
Package pdftex.def Info: ./images/sistemi-a-coda.png  used on input line 647.
(pdftex.def)             Requested size: 386.95894pt x 83.00871pt.
 [46 <./images/controllo-flusso-tcp.png> <./images/sistemi-a-coda.png>]
<./images/congestione-scenario-1.png, id=1271, 987.69pt x 393.47pt>
File: ./images/congestione-scenario-1.png Graphic file (type png)
<use ./images/congestione-scenario-1.png>
Package pdftex.def Info: ./images/congestione-scenario-1.png  used on input line 673.
(pdftex.def)             Requested size: 386.95894pt x 154.14912pt.
<./images/congestione-scenario-2-caso-ideale.png, id=1272, 248.93pt x 206.7725pt>
File: ./images/congestione-scenario-2-caso-ideale.png Graphic file (type png)
<use ./images/congestione-scenario-2-caso-ideale.png>
Package pdftex.def Info: ./images/congestione-scenario-2-caso-ideale.png  used on input line 706.
(pdftex.def)             Requested size: 145.11052pt x 120.53706pt.
<./images/congestione-scenario-2-caso-reale.png, id=1273, 350.30875pt x 293.095pt>
File: ./images/congestione-scenario-2-caso-reale.png Graphic file (type png)
<use ./images/congestione-scenario-2-caso-reale.png>
Package pdftex.def Info: ./images/congestione-scenario-2-caso-reale.png  used on input line 708.
(pdftex.def)             Requested size: 145.11052pt x 121.41301pt.
<./images/congestione-scenario-2-caso-reale-idealizzato.png, id=1274, 246.9225pt x 204.765pt>
File: ./images/congestione-scenario-2-caso-reale-idealizzato.png Graphic file (type png)
<use ./images/congestione-scenario-2-caso-reale-idealizzato.png>
Package pdftex.def Info: ./images/congestione-scenario-2-caso-reale-idealizzato.png  used on input line 710.
(pdftex.def)             Requested size: 145.11052pt x 120.33537pt.
 [47 <./images/congestione-scenario-1.png>]
<./images/congestione-scenario-3.png, id=1284, 832.10875pt x 415.5525pt>
File: ./images/congestione-scenario-3.png Graphic file (type png)
<use ./images/congestione-scenario-3.png>
Package pdftex.def Info: ./images/congestione-scenario-3.png  used on input line 722.
(pdftex.def)             Requested size: 338.5863pt x 169.09044pt.
<./images/congestione-scenario-3-grafico.png, id=1285, 405.515pt x 294.09875pt>
File: ./images/congestione-scenario-3-grafico.png Graphic file (type png)
<use ./images/congestione-scenario-3-grafico.png>
Package pdftex.def Info: ./images/congestione-scenario-3-grafico.png  used on input line 724.
(pdftex.def)             Requested size: 135.43451pt x 98.22414pt.
 [48 <./images/congestione-scenario-2-caso-ideale.png> <./images/congestione-scenario-2-caso-reale.png> <./images/congestione-scenario-2-caso-reale-idealizzato.png> <./images/congestione-scenario-3.png> <./images/congestione-scenario-3-grafico.png>]
<./images/tcp-aimd.png, id=1307, 1036.87375pt x 394.47375pt>
File: ./images/tcp-aimd.png Graphic file (type png)
<use ./images/tcp-aimd.png>
Package pdftex.def Info: ./images/tcp-aimd.png  used on input line 775.
(pdftex.def)             Requested size: 435.32419pt x 165.61765pt.
 [49 <./images/tcp-aimd.png>]
<./images/tcp-aimd-fairness.png, id=1317, 718.685pt x 445.665pt>
File: ./images/tcp-aimd-fairness.png Graphic file (type png)
<use ./images/tcp-aimd-fairness.png>
Package pdftex.def Info: ./images/tcp-aimd-fairness.png  used on input line 817.
(pdftex.def)             Requested size: 338.5863pt x 209.96579pt.
<./images/slow-start-ex.png, id=1319, 1181.41376pt x 667.49374pt>
File: ./images/slow-start-ex.png Graphic file (type png)
<use ./images/slow-start-ex.png>
Package pdftex.def Info: ./images/slow-start-ex.png  used on input line 841.
(pdftex.def)             Requested size: 483.69684pt x 273.28717pt.
 [50 <./images/tcp-aimd-fairness.png>]
<./images/congestion-avoidance-ex.png, id=1331, 901.3675pt x 472.76625pt>
File: ./images/congestion-avoidance-ex.png Graphic file (type png)
<use ./images/congestion-avoidance-ex.png>
Package pdftex.def Info: ./images/congestion-avoidance-ex.png  used on input line 847.
(pdftex.def)             Requested size: 483.69684pt x 253.70293pt.
 [51 <./images/slow-start-ex.png> <./images/congestion-avoidance-ex.png>]
<./images/fast-recovery-esempio.png, id=1342, 582.175pt x 686.565pt>
File: ./images/fast-recovery-esempio.png Graphic file (type png)
<use ./images/fast-recovery-esempio.png>
Package pdftex.def Info: ./images/fast-recovery-esempio.png  used on input line 955.
(pdftex.def)             Requested size: 232.17241pt x 273.804pt.
 [52]
<./images/fast-recovery-grafico.png, id=1351, 966.61125pt x 481.8pt>
File: ./images/fast-recovery-grafico.png Graphic file (type png)
<use ./images/fast-recovery-grafico.png>
Package pdftex.def Info: ./images/fast-recovery-grafico.png  used on input line 983.
(pdftex.def)             Requested size: 386.95894pt x 192.87831pt.
 [53 <./images/fast-recovery-esempio.png>]
<./images/aimd-macchina-stati.png, id=1358, 1157.32375pt x 773.89125pt>
File: ./images/aimd-macchina-stati.png Graphic file (type png)
<use ./images/aimd-macchina-stati.png>
Package pdftex.def Info: ./images/aimd-macchina-stati.png  used on input line 996.
(pdftex.def)             Requested size: 459.51051pt x 307.27194pt.
 [54 <./images/fast-recovery-grafico.png> <./images/aimd-macchina-stati.png>]
<./images/cubic.png, id=1370, 878.28125pt x 518.93875pt>
File: ./images/cubic.png Graphic file (type png)
<use ./images/cubic.png>
Package pdftex.def Info: ./images/cubic.png  used on input line 1045.
(pdftex.def)             Requested size: 386.95894pt x 228.64256pt.
 [55 <./images/cubic.png>]
<./images/bbr.png, id=1381, 899.36pt x 506.89375pt>
File: ./images/bbr.png Graphic file (type png)
<use ./images/bbr.png>
Package pdftex.def Info: ./images/bbr.png  used on input line 1077.
(pdftex.def)             Requested size: 483.69684pt x 272.62024pt.
<./images/reno-cubic-bbr.png, id=1382, 879.285pt x 526.96875pt>
File: ./images/reno-cubic-bbr.png Graphic file (type png)
<use ./images/reno-cubic-bbr.png>
Package pdftex.def Info: ./images/reno-cubic-bbr.png  used on input line 1087.
(pdftex.def)             Requested size: 338.5863pt x 202.91977pt.
 [56 <./images/bbr.png>]
<./images/cuic.png, id=1391, 968.61874pt x 517.935pt>
File: ./images/cuic.png Graphic file (type png)
<use ./images/cuic.png>
Package pdftex.def Info: ./images/cuic.png  used on input line 1123.
(pdftex.def)             Requested size: 338.5863pt x 181.05077pt.
) [57 <./images/reno-cubic-bbr.png> <./images/cuic.png>]
\openout2 = `chapters/livello_rete.aux'.

 (./chapters/livello_rete.tex
Chapter 4.
<./images/data-control-plane.png, id=1402, 999.735pt x 562.1pt>
File: ./images/data-control-plane.png Graphic file (type png)
<use ./images/data-control-plane.png>
Package pdftex.def Info: ./images/data-control-plane.png  used on input line 43.
(pdftex.def)             Requested size: 483.69684pt x 271.95775pt.
[58



]
<./images/router.png, id=1408, 1099.10625pt x 495.8525pt>
File: ./images/router.png Graphic file (type png)
<use ./images/router.png>
Package pdftex.def Info: ./images/router.png  used on input line 51.
(pdftex.def)             Requested size: 483.69684pt x 218.2136pt.
 [59 <./images/data-control-plane.png> <./images/router.png>]
<./images/porta-ricezione.png, id=1419, 1084.05pt x 298.11375pt>
File: ./images/porta-ricezione.png Graphic file (type png)
<use ./images/porta-ricezione.png>
Package pdftex.def Info: ./images/porta-ricezione.png  used on input line 72.
(pdftex.def)             Requested size: 483.69684pt x 133.01727pt.
<./images/comm-memoria.png, id=1420, 369.38pt x 170.6375pt>
File: ./images/comm-memoria.png Graphic file (type png)
<use ./images/comm-memoria.png>
Package pdftex.def Info: ./images/comm-memoria.png  used on input line 96.
(pdftex.def)             Requested size: 159.62083pt x 73.7372pt.
<./images/comm-memoria-2.png, id=1421, 1013.7875pt x 235.88126pt>
File: ./images/comm-memoria-2.png Graphic file (type png)
<use ./images/comm-memoria-2.png>
Package pdftex.def Info: ./images/comm-memoria-2.png  used on input line 98.
(pdftex.def)             Requested size: 304.73137pt x 70.90169pt.
<./images/comm-bus.png, id=1422, 264.99pt x 144.54pt>
File: ./images/comm-bus.png Graphic file (type png)
<use ./images/comm-bus.png>
Package pdftex.def Info: ./images/comm-bus.png  used on input line 109.
(pdftex.def)             Requested size: 159.62083pt x 87.0665pt.
 [60 <./images/porta-ricezione.png> <./images/comm-memoria.png> <./images/comm-memoria-2.png>]
<./images/comm-matrice.png, id=1438, 412.54124pt x 394.47375pt>
File: ./images/comm-matrice.png Graphic file (type png)
<use ./images/comm-matrice.png>
Package pdftex.def Info: ./images/comm-matrice.png  used on input line 123.
(pdftex.def)             Requested size: 159.62083pt x 152.62827pt.
<./images/head-of-line-block.png, id=1440, 993.7125pt x 440.64626pt>
File: ./images/head-of-line-block.png Graphic file (type png)
<use ./images/head-of-line-block.png>
Package pdftex.def Info: ./images/head-of-line-block.png  used on input line 141.
(pdftex.def)             Requested size: 338.5863pt x 150.14047pt.
 [61 <./images/comm-bus.png> <./images/comm-matrice.png> <./images/head-of-line-block.png>]
<./images/porta-invio.png, id=1453, 1079.03125pt x 298.11375pt>
File: ./images/porta-invio.png Graphic file (type png)
<use ./images/porta-invio.png>
Package pdftex.def Info: ./images/porta-invio.png  used on input line 176.
(pdftex.def)             Requested size: 483.69684pt x 133.63593pt.
 [62 <./images/porta-invio.png>]
<./images/pacchetto-ip.png, id=1463, 536.0025pt x 672.5125pt>
File: ./images/pacchetto-ip.png Graphic file (type png)
<use ./images/pacchetto-ip.png>
Package pdftex.def Info: ./images/pacchetto-ip.png  used on input line 225.
(pdftex.def)             Requested size: 227.3381pt x 285.23424pt.
 [63 <./images/pacchetto-ip.png>] [64]
<./images/classi-ip.png, id=1478, 1076.02pt x 429.605pt>
File: ./images/classi-ip.png Graphic file (type png)
<use ./images/classi-ip.png>
Package pdftex.def Info: ./images/classi-ip.png  used on input line 333.
(pdftex.def)             Requested size: 483.69684pt x 193.11725pt.
 [65 <./images/classi-ip.png>] [66]
<./images/tabella-inoltro-1.png, id=1501, 775.89874pt x 200.75pt>
File: ./images/tabella-inoltro-1.png Graphic file (type png)
<use ./images/tabella-inoltro-1.png>
Package pdftex.def Info: ./images/tabella-inoltro-1.png  used on input line 451.
(pdftex.def)             Requested size: 338.5863pt x 87.60428pt.
 [67 <./images/tabella-inoltro-1.png>]
<./images/tabella-inoltro-2.png, id=1512, 775.89874pt x 148.555pt>
File: ./images/tabella-inoltro-2.png Graphic file (type png)
<use ./images/tabella-inoltro-2.png>
Package pdftex.def Info: ./images/tabella-inoltro-2.png  used on input line 475.
(pdftex.def)             Requested size: 338.5863pt x 64.82716pt.
<./images/aggregazione-indirizzi.png, id=1513, 1010.77625pt x 505.89pt>
File: ./images/aggregazione-indirizzi.png Graphic file (type png)
<use ./images/aggregazione-indirizzi.png>
Package pdftex.def Info: ./images/aggregazione-indirizzi.png  used on input line 494.
(pdftex.def)             Requested size: 435.32419pt x 217.87581pt.
 [68 <./images/tabella-inoltro-2.png> <./images/aggregazione-indirizzi.png>]
<./images/tabella-inoltro-3.png, id=1524, 778.91pt x 196.735pt>
File: ./images/tabella-inoltro-3.png Graphic file (type png)
<use ./images/tabella-inoltro-3.png>
Package pdftex.def Info: ./images/tabella-inoltro-3.png  used on input line 502.
(pdftex.def)             Requested size: 338.5863pt x 85.51898pt.
<./images/tabella-inoltro-4.png, id=1525, 1473.505pt x 430.60875pt>
File: ./images/tabella-inoltro-4.png Graphic file (type png)
<use ./images/tabella-inoltro-4.png>
Package pdftex.def Info: ./images/tabella-inoltro-4.png  used on input line 528.
(pdftex.def)             Requested size: 483.69684pt x 141.35228pt.
<./images/reti-con-piu-router.png, id=1526, 1109.14375pt x 639.38875pt>
File: ./images/reti-con-piu-router.png Graphic file (type png)
<use ./images/reti-con-piu-router.png>
Package pdftex.def Info: ./images/reti-con-piu-router.png  used on input line 541.
(pdftex.def)             Requested size: 411.14526pt x 237.00916pt.
 [69 <./images/tabella-inoltro-3.png> <./images/tabella-inoltro-4.png>]
<./images/tabella-routing-su-host.png, id=1537, 1045.9075pt x 542.025pt>
File: ./images/tabella-routing-su-host.png Graphic file (type png)
<use ./images/tabella-routing-su-host.png>
Package pdftex.def Info: ./images/tabella-routing-su-host.png  used on input line 566.
(pdftex.def)             Requested size: 411.14526pt x 213.06783pt.
 [70 <./images/reti-con-piu-router.png> <./images/tabella-routing-su-host.png>]
<./images/tabella-nat.png, id=1547, 779.91376pt x 269.005pt>
File: ./images/tabella-nat.png Graphic file (type png)
<use ./images/tabella-nat.png>
Package pdftex.def Info: ./images/tabella-nat.png  used on input line 604.
(pdftex.def)             Requested size: 386.95894pt x 133.46777pt.
<./images/esempio-nat.png, id=1548, 1140.26pt x 622.325pt>
File: ./images/esempio-nat.png Graphic file (type png)
<use ./images/esempio-nat.png>
Package pdftex.def Info: ./images/esempio-nat.png  used on input line 621.
(pdftex.def)             Requested size: 435.32419pt x 237.58748pt.
 [71 <./images/tabella-nat.png>]
<./images/esempio-vantaggio-nat.png, id=1559, 1847.90375pt x 673.51625pt>
File: ./images/esempio-vantaggio-nat.png Graphic file (type png)
<use ./images/esempio-vantaggio-nat.png>
Package pdftex.def Info: ./images/esempio-vantaggio-nat.png  used on input line 654.
(pdftex.def)             Requested size: 435.32419pt x 158.66685pt.
 [72 <./images/esempio-nat.png> <./images/esempio-vantaggio-nat.png>] [73]
<./images/router-con-piu-indirizzi.png, id=1581, 1045.9075pt x 543.02875pt>
File: ./images/router-con-piu-indirizzi.png Graphic file (type png)
<use ./images/router-con-piu-indirizzi.png>
Package pdftex.def Info: ./images/router-con-piu-indirizzi.png  used on input line 736.
(pdftex.def)             Requested size: 386.95894pt x 200.9092pt.
 [74 <./images/router-con-piu-indirizzi.png>]
<./images/richiesta-arp.png, id=1597, 319.1925pt x 239.89626pt>
File: ./images/richiesta-arp.png Graphic file (type png)
<use ./images/richiesta-arp.png>
Package pdftex.def Info: ./images/richiesta-arp.png  used on input line 783.
(pdftex.def)             Requested size: 232.17241pt x 174.4932pt.
<./images/risposta-arp.png, id=1598, 315.1775pt x 242.9075pt>
File: ./images/risposta-arp.png Graphic file (type png)
<use ./images/risposta-arp.png>
Package pdftex.def Info: ./images/risposta-arp.png  used on input line 785.
(pdftex.def)             Requested size: 232.17241pt x 178.937pt.
<./images/messaggio-arp.png, id=1599, 1029.8475pt x 397.485pt>
File: ./images/messaggio-arp.png Graphic file (type png)
<use ./images/messaggio-arp.png>
Package pdftex.def Info: ./images/messaggio-arp.png  used on input line 802.
(pdftex.def)             Requested size: 338.5863pt x 130.67917pt.
 [75 <./images/richiesta-arp.png> <./images/risposta-arp.png> <./images/messaggio-arp.png>]
<./images/proxy-arp.png, id=1611, 1107.13625pt x 287.0725pt>
File: ./images/proxy-arp.png Graphic file (type png)
<use ./images/proxy-arp.png>
Package pdftex.def Info: ./images/proxy-arp.png  used on input line 825.
(pdftex.def)             Requested size: 483.69684pt x 125.41869pt.
<./images/messaggio-icmp.png, id=1613, 1139.25626pt x 556.0775pt>
File: ./images/messaggio-icmp.png Graphic file (type png)
<use ./images/messaggio-icmp.png>
Package pdftex.def Info: ./images/messaggio-icmp.png  used on input line 851.
(pdftex.def)             Requested size: 411.14526pt x 200.67987pt.
 [76 <./images/proxy-arp.png>] [77 <./images/messaggio-icmp.png>]
<./images/transazioni-dhcp.png, id=1635, 973.6375pt x 836.12375pt>
File: ./images/transazioni-dhcp.png Graphic file (type png)
<use ./images/transazioni-dhcp.png>
Package pdftex.def Info: ./images/transazioni-dhcp.png  used on input line 906.
(pdftex.def)             Requested size: 386.95894pt x 332.30019pt.
<./images/messaggio-dhcp.png, id=1637, 799.98875pt x 556.0775pt>
File: ./images/messaggio-dhcp.png Graphic file (type png)
<use ./images/messaggio-dhcp.png>
Package pdftex.def Info: ./images/messaggio-dhcp.png  used on input line 945.
(pdftex.def)             Requested size: 386.95894pt x 268.97603pt.
 [78 <./images/transazioni-dhcp.png>] [79 <./images/messaggio-dhcp.png>]
<./images/rete-ip-esempio.png, id=1652, 1237.62375pt x 375.4025pt>
File: ./images/rete-ip-esempio.png Graphic file (type png)
<use ./images/rete-ip-esempio.png>
Package pdftex.def Info: ./images/rete-ip-esempio.png  used on input line 998.
(pdftex.def)             Requested size: 483.69684pt x 146.7157pt.
<./images/messaggio-ipv6.png, id=1654, 636.3775pt x 416.55624pt>
File: ./images/messaggio-ipv6.png Graphic file (type png)
<use ./images/messaggio-ipv6.png>
Package pdftex.def Info: ./images/messaggio-ipv6.png  used on input line 1036.
(pdftex.def)             Requested size: 290.22105pt x 189.96559pt.
 [80 <./images/rete-ip-esempio.png>]
<./images/tunneling-ipv6.png, id=1663, 895.345pt x 319.1925pt>
File: ./images/tunneling-ipv6.png Graphic file (type png)
<use ./images/tunneling-ipv6.png>
Package pdftex.def Info: ./images/tunneling-ipv6.png  used on input line 1073.
(pdftex.def)             Requested size: 483.69684pt x 172.44417pt.
<./images/tunneling-ipv6-vista.png, id=1664, 1228.59pt x 894.34125pt>
File: ./images/tunneling-ipv6-vista.png Graphic file (type png)
<use ./images/tunneling-ipv6-vista.png>
Package pdftex.def Info: ./images/tunneling-ipv6-vista.png  used on input line 1078.
(pdftex.def)             Requested size: 483.69684pt x 352.10779pt.
 [81 <./images/messaggio-ipv6.png>] [82 <./images/tunneling-ipv6.png> <./images/tunneling-ipv6-vista.png>]
<./images/cidr-ipv4.png, id=1681, 989.6975pt x 153.57375pt>
File: ./images/cidr-ipv4.png Graphic file (type png)
<use ./images/cidr-ipv4.png>
Package pdftex.def Info: ./images/cidr-ipv4.png  used on input line 1116.
(pdftex.def)             Requested size: 483.69684pt x 75.05495pt.
) [83 <./images/cidr-ipv4.png>]
\openout2 = `chapters/protocolli_instradamento.aux'.

 (./chapters/protocolli_instradamento.tex
Chapter 5.
<./images/rete-come-grafo.png, id=1690, 470.75874pt x 304.13625pt>
File: ./images/rete-come-grafo.png Graphic file (type png)
<use ./images/rete-come-grafo.png>
Package pdftex.def Info: ./images/rete-come-grafo.png  used on input line 30.
(pdftex.def)             Requested size: 188.64146pt x 121.87045pt.
[84



 <./images/rete-come-grafo.png>]
LaTeX Font Info:    Trying to load font information for OMS+cmtt on input line 101.
LaTeX Font Info:    No file OMScmtt.fd. on input line 101.


LaTeX Font Warning: Font shape `OMS/cmtt/m/n' undefined
(Font)              using `OMS/cmsy/m/n' instead
(Font)              for symbol `textbraceleft' on input line 101.

[85]
<./images/tabella-dijkstra1.png, id=1706, 561.09625pt x 283.0575pt>
File: ./images/tabella-dijkstra1.png Graphic file (type png)
<use ./images/tabella-dijkstra1.png>
Package pdftex.def Info: ./images/tabella-dijkstra1.png  used on input line 125.
(pdftex.def)             Requested size: 270.86903pt x 136.64348pt.
<./images/grafo-rete1.png, id=1707, 473.77pt x 370.38374pt>
File: ./images/grafo-rete1.png Graphic file (type png)
<use ./images/grafo-rete1.png>
Package pdftex.def Info: ./images/grafo-rete1.png  used on input line 127.
(pdftex.def)             Requested size: 193.47577pt x 151.25359pt.
 [86 <./images/tabella-dijkstra1.png> <./images/grafo-rete1.png>]
<./images/tabella-dijkstra1-ris.png, id=1718, 491.8375pt x 289.08pt>
File: ./images/tabella-dijkstra1-ris.png Graphic file (type png)
<use ./images/tabella-dijkstra1-ris.png>
Package pdftex.def Info: ./images/tabella-dijkstra1-ris.png  used on input line 144.
(pdftex.def)             Requested size: 232.17241pt x 136.45868pt.
<./images/problema-dijkstra1.png, id=1719, 264.99pt x 221.82875pt>
File: ./images/problema-dijkstra1.png Graphic file (type png)
<use ./images/problema-dijkstra1.png>
Package pdftex.def Info: ./images/problema-dijkstra1.png  used on input line 161.
(pdftex.def)             Requested size: 169.29684pt x 141.72281pt.
<./images/problema-dijkstra2.png, id=1720, 255.95625pt x 196.735pt>
File: ./images/problema-dijkstra2.png Graphic file (type png)
<use ./images/problema-dijkstra2.png>
Package pdftex.def Info: ./images/problema-dijkstra2.png  used on input line 164.
(pdftex.def)             Requested size: 169.29684pt x 130.12466pt.
<./images/problema-dijkstra3.png, id=1721, 248.93pt x 188.705pt>
File: ./images/problema-dijkstra3.png Graphic file (type png)
<use ./images/problema-dijkstra3.png>
Package pdftex.def Info: ./images/problema-dijkstra3.png  used on input line 166.
(pdftex.def)             Requested size: 169.29684pt x 128.34073pt.
<./images/problema-dijkstra4.png, id=1722, 251.94125pt x 203.76125pt>
File: ./images/problema-dijkstra4.png Graphic file (type png)
<use ./images/problema-dijkstra4.png>
Package pdftex.def Info: ./images/problema-dijkstra4.png  used on input line 169.
(pdftex.def)             Requested size: 169.29684pt x 136.9204pt.
 [87 <./images/tabella-dijkstra1-ris.png> <./images/problema-dijkstra1.png> <./images/problema-dijkstra2.png> <./images/problema-dijkstra3.png> <./images/problema-dijkstra4.png>] [88]
<./images/rete-ospf1.png, id=1754, 484.81125pt x 411.5375pt>
File: ./images/rete-ospf1.png Graphic file (type png)
<use ./images/rete-ospf1.png>
Package pdftex.def Info: ./images/rete-ospf1.png  used on input line 240.
(pdftex.def)             Requested size: 232.17241pt x 197.08363pt.
<./images/rete-ospf2.png, id=1755, 522.95375pt x 488.82625pt>
File: ./images/rete-ospf2.png Graphic file (type png)
<use ./images/rete-ospf2.png>
Package pdftex.def Info: ./images/rete-ospf2.png  used on input line 242.
(pdftex.def)             Requested size: 232.17241pt x 217.02351pt.
<./images/ospf-gerarchico.png, id=1756, 1092.08pt x 649.42625pt>
File: ./images/ospf-gerarchico.png Graphic file (type png)
<use ./images/ospf-gerarchico.png>
Package pdftex.def Info: ./images/ospf-gerarchico.png  used on input line 243.
(pdftex.def)             Requested size: 362.77263pt x 215.72838pt.
 [89 <./images/rete-ospf1.png> <./images/rete-ospf2.png> <./images/ospf-gerarchico.png>] [90]
<./images/bellman1.png, id=1774, 1057.9525pt x 590.205pt>
File: ./images/bellman1.png Graphic file (type png)
<use ./images/bellman1.png>
Package pdftex.def Info: ./images/bellman1.png  used on input line 315.
(pdftex.def)             Requested size: 435.32419pt x 242.85918pt.
<./images/bellman2.png, id=1775, 1047.915pt x 586.19pt>
File: ./images/bellman2.png Graphic file (type png)
<use ./images/bellman2.png>
Package pdftex.def Info: ./images/bellman2.png  used on input line 326.
(pdftex.def)             Requested size: 435.32419pt x 243.51476pt.
<./images/bellman3.png, id=1776, 1045.9075pt x 585.18625pt>
File: ./images/bellman3.png Graphic file (type png)
<use ./images/bellman3.png>
Package pdftex.def Info: ./images/bellman3.png  used on input line 335.
(pdftex.def)             Requested size: 435.32419pt x 243.57103pt.
 [91 <./images/bellman1.png> <./images/bellman2.png>]
<./images/count-to-infinity1.png, id=1786, 676.5275pt x 420.57124pt>
File: ./images/count-to-infinity1.png Graphic file (type png)
<use ./images/count-to-infinity1.png>
Package pdftex.def Info: ./images/count-to-infinity1.png  used on input line 361.
(pdftex.def)             Requested size: 241.84842pt x 150.34666pt.
 [92 <./images/bellman3.png> <./images/count-to-infinity1.png>]
<./images/count-to-infinity2.png, id=1796, 794.97pt x 586.19pt>
File: ./images/count-to-infinity2.png Graphic file (type png)
<use ./images/count-to-infinity2.png>
Package pdftex.def Info: ./images/count-to-infinity2.png  used on input line 369.
(pdftex.def)             Requested size: 435.32419pt x 321.0012pt.
<./images/count-to-infinity3.png, id=1797, 1098.1025pt x 585.18625pt>
File: ./images/count-to-infinity3.png Graphic file (type png)
<use ./images/count-to-infinity3.png>
Package pdftex.def Info: ./images/count-to-infinity3.png  used on input line 377.
(pdftex.def)             Requested size: 435.32419pt x 231.98091pt.
 [93 <./images/count-to-infinity2.png> <./images/count-to-infinity3.png>]
<./images/split-horizon1.png, id=1806, 619.31375pt x 434.62375pt>
File: ./images/split-horizon1.png Graphic file (type png)
<use ./images/split-horizon1.png>
Package pdftex.def Info: ./images/split-horizon1.png  used on input line 422.
(pdftex.def)             Requested size: 290.22105pt x 203.67632pt.
 [94 <./images/split-horizon1.png>]
<./images/split-horizon2.png, id=1815, 1059.96pt x 522.95375pt>
File: ./images/split-horizon2.png Graphic file (type png)
<use ./images/split-horizon2.png>
Package pdftex.def Info: ./images/split-horizon2.png  used on input line 430.
(pdftex.def)             Requested size: 290.22105pt x 143.18633pt.
<./images/split-horizon3.png, id=1816, 1052.93375pt x 519.9425pt>
File: ./images/split-horizon3.png Graphic file (type png)
<use ./images/split-horizon3.png>
Package pdftex.def Info: ./images/split-horizon3.png  used on input line 432.
(pdftex.def)             Requested size: 290.22105pt x 143.31387pt.
<./images/split-horizon4.png, id=1817, 864.22874pt x 511.9125pt>
File: ./images/split-horizon4.png Graphic file (type png)
<use ./images/split-horizon4.png>
Package pdftex.def Info: ./images/split-horizon4.png  used on input line 441.
(pdftex.def)             Requested size: 290.22105pt x 171.90768pt.
 [95 <./images/split-horizon2.png> <./images/split-horizon3.png> <./images/split-horizon4.png>]
<./images/rip1.png, id=1833, 1365.1pt x 334.24875pt>
File: ./images/rip1.png Graphic file (type png)
<use ./images/rip1.png>
Package pdftex.def Info: ./images/rip1.png  used on input line 474.
(pdftex.def)             Requested size: 483.69684pt x 118.43217pt.
<./images/rip2.png, id=1834, 750.805pt x 319.1925pt>
File: ./images/rip2.png Graphic file (type png)
<use ./images/rip2.png>
Package pdftex.def Info: ./images/rip2.png  used on input line 484.
(pdftex.def)             Requested size: 386.95894pt x 164.51016pt.
 [96 <./images/rip1.png> <./images/rip2.png>]
<./images/path-vector.png, id=1850, 1222.5675pt x 146.5475pt>
File: ./images/path-vector.png Graphic file (type png)
<use ./images/path-vector.png>
Package pdftex.def Info: ./images/path-vector.png  used on input line 552.
(pdftex.def)             Requested size: 483.69684pt x 57.97841pt.
 [97 <./images/path-vector.png>]
<./images/bgp-stati.png, id=1859, 518.93875pt x 311.1625pt>
File: ./images/bgp-stati.png Graphic file (type png)
<use ./images/bgp-stati.png>
Package pdftex.def Info: ./images/bgp-stati.png  used on input line 571.
(pdftex.def)             Requested size: 483.69684pt x 290.04759pt.
<./images/bgp-best-path.png, id=1860, 1213.53375pt x 278.03876pt>
File: ./images/bgp-best-path.png Graphic file (type png)
<use ./images/bgp-best-path.png>
Package pdftex.def Info: ./images/bgp-best-path.png  used on input line 603.
(pdftex.def)             Requested size: 483.69684pt x 110.82321pt.
 [98 <./images/bgp-stati.png>]
<./images/bgp-open-msg.png, id=1870, 1175.39125pt x 484.81125pt>
File: ./images/bgp-open-msg.png Graphic file (type png)
<use ./images/bgp-open-msg.png>
Package pdftex.def Info: ./images/bgp-open-msg.png  used on input line 632.
(pdftex.def)             Requested size: 483.69684pt x 199.50626pt.
 [99 <./images/bgp-best-path.png> <./images/bgp-open-msg.png>]
<./images/bgp-notification-msg.png, id=1880, 1333.98375pt x 185.69376pt>
File: ./images/bgp-notification-msg.png Graphic file (type png)
<use ./images/bgp-notification-msg.png>
Package pdftex.def Info: ./images/bgp-notification-msg.png  used on input line 648.
(pdftex.def)             Requested size: 483.69684pt x 67.33138pt.
<./images/bgp-withdraw1.png, id=1881, 727.71875pt x 317.185pt>
File: ./images/bgp-withdraw1.png Graphic file (type png)
<use ./images/bgp-withdraw1.png>
Package pdftex.def Info: ./images/bgp-withdraw1.png  used on input line 675.
(pdftex.def)             Requested size: 295.05536pt x 128.6044pt.
<./images/bgp-withdraw2.png, id=1882, 717.68124pt x 244.915pt>
File: ./images/bgp-withdraw2.png Graphic file (type png)
<use ./images/bgp-withdraw2.png>
Package pdftex.def Info: ./images/bgp-withdraw2.png  used on input line 677.
(pdftex.def)             Requested size: 295.05536pt x 100.69234pt.
<./images/bgp-update-withdraw.png, id=1883, 859.21pt x 383.4325pt>
File: ./images/bgp-update-withdraw.png Graphic file (type png)
<use ./images/bgp-update-withdraw.png>
Package pdftex.def Info: ./images/bgp-update-withdraw.png  used on input line 689.
(pdftex.def)             Requested size: 386.95894pt x 172.68344pt.
<./images/bgp-withdraw-implicito.png, id=1884, 1411.2725pt x 438.63875pt>
File: ./images/bgp-withdraw-implicito.png Graphic file (type png)
<use ./images/bgp-withdraw-implicito.png>
Package pdftex.def Info: ./images/bgp-withdraw-implicito.png  used on input line 697.
(pdftex.def)             Requested size: 483.69684pt x 150.33995pt.
 [100 <./images/bgp-notification-msg.png> <./images/bgp-withdraw1.png> <./images/bgp-withdraw2.png>]
<./images/bgp-aggregazione-rotte.png, id=1899, 1180.41pt x 407.5225pt>
File: ./images/bgp-aggregazione-rotte.png Graphic file (type png)
<use ./images/bgp-aggregazione-rotte.png>
Package pdftex.def Info: ./images/bgp-aggregazione-rotte.png  used on input line 707.
(pdftex.def)             Requested size: 483.69684pt x 166.98581pt.
 [101 <./images/bgp-update-withdraw.png> <./images/bgp-withdraw-implicito.png> <./images/bgp-aggregazione-rotte.png>]) [102]
\openout2 = `chapters/livello_data_link.aux'.

 (./chapters/livello_data_link.tex
Chapter 6.
[103



]
<./images/trasmissione-data-link.png, id=1926, 666.49pt x 265.99374pt>
File: ./images/trasmissione-data-link.png Graphic file (type png)
<use ./images/trasmissione-data-link.png>
Package pdftex.def Info: ./images/trasmissione-data-link.png  used on input line 58.
(pdftex.def)             Requested size: 338.5863pt x 135.13142pt.
<./images/rce.png, id=1927, 1231.60126pt x 485.815pt>
File: ./images/rce.png Graphic file (type png)
<use ./images/rce.png>
Package pdftex.def Info: ./images/rce.png  used on input line 70.
(pdftex.def)             Requested size: 338.5863pt x 133.55135pt.
 [104 <./images/trasmissione-data-link.png> <./images/rce.png>]
<./images/partita1.png, id=1937, 356.33125pt x 91.34125pt>
File: ./images/partita1.png Graphic file (type png)
<use ./images/partita1.png>
Package pdftex.def Info: ./images/partita1.png  used on input line 91.
(pdftex.def)             Requested size: 145.11052pt x 37.19649pt.
<./images/partita2.png, id=1938, 206.7725pt x 157.58875pt>
File: ./images/partita2.png Graphic file (type png)
<use ./images/partita2.png>
Package pdftex.def Info: ./images/partita2.png  used on input line 92.
(pdftex.def)             Requested size: 145.11052pt x 110.5951pt.
<./images/partita3.png, id=1939, 202.7575pt x 155.58125pt>
File: ./images/partita3.png Graphic file (type png)
<use ./images/partita3.png>
Package pdftex.def Info: ./images/partita3.png  used on input line 93.
(pdftex.def)             Requested size: 145.11052pt x 111.34894pt.
 [105 <./images/partita1.png> <./images/partita2.png> <./images/partita3.png>]
<./images/calcolo-crc.png, id=1954, 301.125pt x 368.37625pt>
File: ./images/calcolo-crc.png Graphic file (type png)
<use ./images/calcolo-crc.png>
Package pdftex.def Info: ./images/calcolo-crc.png  used on input line 163.
(pdftex.def)             Requested size: 135.43451pt x 165.68907pt.
 [106 <./images/calcolo-crc.png>]
<./images/cdma1.png, id=1971, 1268.74pt x 546.04pt>
File: ./images/cdma1.png Graphic file (type png)
<use ./images/cdma1.png>
Package pdftex.def Info: ./images/cdma1.png  used on input line 233.
(pdftex.def)             Requested size: 411.14526pt x 176.94432pt.
<./images/tdma1.png, id=1972, 429.605pt x 202.7575pt>
File: ./images/tdma1.png Graphic file (type png)
<use ./images/tdma1.png>
Package pdftex.def Info: ./images/tdma1.png  used on input line 244.
(pdftex.def)             Requested size: 154.78653pt x 73.05452pt.
<./images/fdma1.png, id=1973, 422.57875pt x 198.7425pt>
File: ./images/fdma1.png Graphic file (type png)
<use ./images/fdma1.png>
Package pdftex.def Info: ./images/fdma1.png  used on input line 246.
(pdftex.def)             Requested size: 154.78653pt x 72.79968pt.
<./images/cdma2.png, id=1974, 428.60126pt x 200.75pt>
File: ./images/cdma2.png Graphic file (type png)
<use ./images/cdma2.png>
Package pdftex.def Info: ./images/cdma2.png  used on input line 248.
(pdftex.def)             Requested size: 154.78653pt x 72.49968pt.
 [107]
<./images/slotted-aloha-1.png, id=1987, 604.2575pt x 202.7575pt>
File: ./images/slotted-aloha-1.png Graphic file (type png)
<use ./images/slotted-aloha-1.png>
Package pdftex.def Info: ./images/slotted-aloha-1.png  used on input line 273.
(pdftex.def)             Requested size: 314.39998pt x 105.49638pt.
 [108 <./images/cdma1.png> <./images/tdma1.png> <./images/fdma1.png> <./images/cdma2.png> <./images/slotted-aloha-1.png>]
<./images/aloha-1.png, id=2005, 603.25375pt x 276.03125pt>
File: ./images/aloha-1.png Graphic file (type png)
<use ./images/aloha-1.png>
Package pdftex.def Info: ./images/aloha-1.png  used on input line 315.
(pdftex.def)             Requested size: 314.39998pt x 143.85716pt.
<./images/aloha-vs-slotted.png, id=2006, 775.89874pt x 466.74374pt>
File: ./images/aloha-vs-slotted.png Graphic file (type png)
<use ./images/aloha-vs-slotted.png>
Package pdftex.def Info: ./images/aloha-vs-slotted.png  used on input line 338.
(pdftex.def)             Requested size: 386.95894pt x 232.78017pt.
 [109 <./images/aloha-1.png>]
<./images/confronto-csma.png, id=2015, 828.09375pt x 399.4925pt>
File: ./images/confronto-csma.png Graphic file (type png)
<use ./images/confronto-csma.png>
Package pdftex.def Info: ./images/confronto-csma.png  used on input line 364.
(pdftex.def)             Requested size: 386.95894pt x 186.68254pt.
 [110 <./images/aloha-vs-slotted.png>]
<./images/vulnerabilita-csma.png, id=2024, 512.91624pt x 212.795pt>
File: ./images/vulnerabilita-csma.png Graphic file (type png)
<use ./images/vulnerabilita-csma.png>
Package pdftex.def Info: ./images/vulnerabilita-csma.png  used on input line 382.
(pdftex.def)             Requested size: 246.68272pt x 102.34174pt.
<./images/collisione-csma-2.png, id=2025, 786.94pt x 686.565pt>
File: ./images/collisione-csma-2.png Graphic file (type png)
<use ./images/collisione-csma-2.png>
Package pdftex.def Info: ./images/collisione-csma-2.png  used on input line 384.
(pdftex.def)             Requested size: 207.98608pt x 181.45695pt.
 [111 <./images/confronto-csma.png> <./images/vulnerabilita-csma.png> <./images/collisione-csma-2.png>]
<./images/csma-cd.png, id=2041, 864.22874pt x 721.69624pt>
File: ./images/csma-cd.png Graphic file (type png)
<use ./images/csma-cd.png>
Package pdftex.def Info: ./images/csma-cd.png  used on input line 411.
(pdftex.def)             Requested size: 241.84842pt x 201.96344pt.
<./images/polling.png, id=2043, 306.14375pt x 285.065pt>
File: ./images/polling.png Graphic file (type png)
<use ./images/polling.png>
Package pdftex.def Info: ./images/polling.png  used on input line 434.
(pdftex.def)             Requested size: 145.11052pt x 135.1202pt.
<./images/token.png, id=2044, 384.43625pt x 472.76625pt>
File: ./images/token.png Graphic file (type png)
<use ./images/token.png>
Package pdftex.def Info: ./images/token.png  used on input line 436.
(pdftex.def)             Requested size: 135.43451pt x 166.55273pt.
<./images/ieee802.png, id=2045, 783.92876pt x 437.635pt>
File: ./images/ieee802.png Graphic file (type png)
<use ./images/ieee802.png>
Package pdftex.def Info: ./images/ieee802.png  used on input line 445.
(pdftex.def)             Requested size: 386.95894pt x 216.02565pt.
 [112 <./images/csma-cd.png> <./images/polling.png> <./images/token.png>]
<./images/transceiver.png, id=2059, 748.7975pt x 718.685pt>
File: ./images/transceiver.png Graphic file (type png)
<use ./images/transceiver.png>
Package pdftex.def Info: ./images/transceiver.png  used on input line 466.
(pdftex.def)             Requested size: 205.57263pt x 197.3045pt.
<./images/ethernet-bus.png, id=2060, 663.47874pt x 123.46124pt>
File: ./images/ethernet-bus.png Graphic file (type png)
<use ./images/ethernet-bus.png>
Package pdftex.def Info: ./images/ethernet-bus.png  used on input line 472.
(pdftex.def)             Requested size: 386.95894pt x 72.00505pt.
<./images/organizzazione-bus.png, id=2061, 531.9875pt x 413.545pt>
File: ./images/organizzazione-bus.png Graphic file (type png)
<use ./images/organizzazione-bus.png>
Package pdftex.def Info: ./images/organizzazione-bus.png  used on input line 478.
(pdftex.def)             Requested size: 386.95894pt x 300.81259pt.
 [113 <./images/ieee802.png> <./images/transceiver.png>]
<./images/frame-ethernet.png, id=2071, 639.38875pt x 100.375pt>
File: ./images/frame-ethernet.png Graphic file (type png)
<use ./images/frame-ethernet.png>
Package pdftex.def Info: ./images/frame-ethernet.png  used on input line 498.
(pdftex.def)             Requested size: 386.95894pt x 60.74773pt.
 [114 <./images/ethernet-bus.png> <./images/organizzazione-bus.png> <./images/frame-ethernet.png>] [115]
<./images/switch-1.png, id=2089, 363.3575pt x 347.2975pt>
File: ./images/switch-1.png Graphic file (type png)
<use ./images/switch-1.png>
Package pdftex.def Info: ./images/switch-1.png  used on input line 589.
(pdftex.def)             Requested size: 241.84842pt x 231.16191pt.
 [116 <./images/switch-1.png>]
<./images/collisione-vs-broadcast.png, id=2098, 794.97pt x 419.5675pt>
File: ./images/collisione-vs-broadcast.png Graphic file (type png)
<use ./images/collisione-vs-broadcast.png>
Package pdftex.def Info: ./images/collisione-vs-broadcast.png  used on input line 615.
(pdftex.def)             Requested size: 386.95894pt x 204.23262pt.
<./images/switch-tabella-1.png, id=2099, 477.785pt x 109.40875pt>
File: ./images/switch-tabella-1.png Graphic file (type png)
<use ./images/switch-tabella-1.png>
Package pdftex.def Info: ./images/switch-tabella-1.png  used on input line 626.
(pdftex.def)             Requested size: 241.84842pt x 55.38034pt.
 [117 <./images/collisione-vs-broadcast.png> <./images/switch-tabella-1.png>]
<./images/switch-ciclo.png, id=2108, 1002.74625pt x 567.11874pt>
File: ./images/switch-ciclo.png Graphic file (type png)
<use ./images/switch-ciclo.png>
Package pdftex.def Info: ./images/switch-ciclo.png  used on input line 665.
(pdftex.def)             Requested size: 275.71074pt x 155.92784pt.
 [118 <./images/switch-ciclo.png>]
<./images/vlan1.png, id=2124, 900.36375pt x 328.22626pt>
File: ./images/vlan1.png Graphic file (type png)
<use ./images/vlan1.png>
Package pdftex.def Info: ./images/vlan1.png  used on input line 753.
(pdftex.def)             Requested size: 483.69684pt x 176.33302pt.
 [119 <./images/vlan1.png>]
<./images/wlan1.png, id=2138, 765.86125pt x 633.36626pt>
File: ./images/wlan1.png Graphic file (type png)
<use ./images/wlan1.png>
Package pdftex.def Info: ./images/wlan1.png  used on input line 839.
(pdftex.def)             Requested size: 280.54504pt x 232.01273pt.
<./images/wlan2.png, id=2139, 503.8825pt x 752.8125pt>
File: ./images/wlan2.png Graphic file (type png)
<use ./images/wlan2.png>
Package pdftex.def Info: ./images/wlan2.png  used on input line 841.
(pdftex.def)             Requested size: 193.47577pt x 289.05833pt.
 [120]
<./images/architettura-wlan.png, id=2151, 458.71375pt x 521.95pt>
File: ./images/architettura-wlan.png Graphic file (type png)
<use ./images/architettura-wlan.png>
Package pdftex.def Info: ./images/architettura-wlan.png  used on input line 885.
(pdftex.def)             Requested size: 241.84842pt x 275.19063pt.
 [121 <./images/wlan1.png> <./images/wlan2.png>]
<./images/ap-passiva.png, id=2167, 627.34375pt x 351.3125pt>
File: ./images/ap-passiva.png Graphic file (type png)
<use ./images/ap-passiva.png>
Package pdftex.def Info: ./images/ap-passiva.png  used on input line 924.
(pdftex.def)             Requested size: 232.17241pt x 130.01575pt.
<./images/ap-attiva.png, id=2168, 381.425pt x 209.78375pt>
File: ./images/ap-attiva.png Graphic file (type png)
<use ./images/ap-attiva.png>
Package pdftex.def Info: ./images/ap-attiva.png  used on input line 926.
(pdftex.def)             Requested size: 232.17241pt x 127.6926pt.
 [122 <./images/architettura-wlan.png>]
<./images/frame-wireless.png, id=2177, 813.0375pt x 92.345pt>
File: ./images/frame-wireless.png Graphic file (type png)
<use ./images/frame-wireless.png>
Package pdftex.def Info: ./images/frame-wireless.png  used on input line 937.
(pdftex.def)             Requested size: 386.95894pt x 43.95027pt.
 [123 <./images/ap-passiva.png> <./images/ap-attiva.png> <./images/frame-wireless.png>]
<./images/csma-ca-1.png, id=2195, 869.2475pt x 325.215pt>
File: ./images/csma-ca-1.png Graphic file (type png)
<use ./images/csma-ca-1.png>
Package pdftex.def Info: ./images/csma-ca-1.png  used on input line 1008.
(pdftex.def)             Requested size: 232.17241pt x 86.8614pt.
<./images/csma-ca-2.png, id=2196, 868.24374pt x 321.2pt>
File: ./images/csma-ca-2.png Graphic file (type png)
<use ./images/csma-ca-2.png>
Package pdftex.def Info: ./images/csma-ca-2.png  used on input line 1010.
(pdftex.def)             Requested size: 232.17241pt x 85.88707pt.
<./images/csma-ca-3.png, id=2200, 870.25125pt x 322.20375pt>
File: ./images/csma-ca-3.png Graphic file (type png)
<use ./images/csma-ca-3.png>
Package pdftex.def Info: ./images/csma-ca-3.png  used on input line 1023.
(pdftex.def)             Requested size: 232.17241pt x 85.9588pt.
<./images/csma-ca-4.png, id=2201, 868.24374pt x 317.185pt>
File: ./images/csma-ca-4.png Graphic file (type png)
<use ./images/csma-ca-4.png>
Package pdftex.def Info: ./images/csma-ca-4.png  used on input line 1025.
(pdftex.def)             Requested size: 232.17241pt x 84.81346pt.
 [124 <./images/csma-ca-1.png> <./images/csma-ca-2.png> <./images/csma-ca-3.png> <./images/csma-ca-4.png>]
<./images/csma-ca-5.png, id=2221, 865.2325pt x 326.21875pt>
File: ./images/csma-ca-5.png Graphic file (type png)
<use ./images/csma-ca-5.png>
Package pdftex.def Info: ./images/csma-ca-5.png  used on input line 1034.
(pdftex.def)             Requested size: 232.17241pt x 87.53268pt.
pdfTeX warning (ext4): destination with the same identifier (name{subfigure.6.24.1}) has been already used, duplicate ignored
<to be read again> 
                   \relax 
l.1066     \subfloat
                    {\includegraphics[width=0.48\textwidth]{terminale-nascos...
<./images/terminale-nascosto-1.png, id=2222, 258.9675pt x 133.49875pt>
File: ./images/terminale-nascosto-1.png Graphic file (type png)
<use ./images/terminale-nascosto-1.png>
Package pdftex.def Info: ./images/terminale-nascosto-1.png  used on input line 1066.
(pdftex.def)             Requested size: 232.17241pt x 119.69144pt.
pdfTeX warning (ext4): destination with the same identifier (name{subfigure.6.24.2}) has been already used, duplicate ignored
<to be read again> 
                   \relax 
l.1067     \subfloat
                    {\includegraphics[width=0.48\textwidth]{terminale-nascos...
<./images/terminale-nascosto-2.png, id=2223, 407.5225pt x 186.6975pt>
File: ./images/terminale-nascosto-2.png Graphic file (type png)
<use ./images/terminale-nascosto-2.png>
Package pdftex.def Info: ./images/terminale-nascosto-2.png  used on input line 1067.
(pdftex.def)             Requested size: 232.17241pt x 106.36455pt.
 [125 <./images/csma-ca-5.png> <./images/terminale-nascosto-1.png> <./images/terminale-nascosto-2.png>]
<./images/terminale-nascosto-3.png, id=2238, 754.82pt x 521.95pt>
File: ./images/terminale-nascosto-3.png Graphic file (type png)
<use ./images/terminale-nascosto-3.png>
Package pdftex.def Info: ./images/terminale-nascosto-3.png  used on input line 1088.
(pdftex.def)             Requested size: 338.5863pt x 234.12668pt.
<./images/terminale-esposto.png, id=2239, 924.45375pt x 605.26125pt>
File: ./images/terminale-esposto.png Graphic file (type png)
<use ./images/terminale-esposto.png>
Package pdftex.def Info: ./images/terminale-esposto.png  used on input line 1098.
(pdftex.def)             Requested size: 338.5863pt x 221.68044pt.
) [126 <./images/terminale-nascosto-3.png> <./images/terminale-esposto.png>]
\openout2 = `chapters/appendices/appendix_a.aux'.

 (./chapters/appendices/appendix_a.tex
Appendix A.
[127



]) [128] (./Reti.glos-gls [129




]) (./Reti.prot-gls [130])
Package atveryend Info: Empty hook `BeforeClearDocument' on input line 151.
 [131


runsystem(makeindex -s Reti.ist -t Reti.glg -o Reti.gls Reti.glo)...executed safely (allowed).

runsystem(makeindex -s Reti.ist -t Reti.glos-glg -o Reti.glos-gls Reti.glos-glo)...executed safely (allowed).

runsystem(makeindex -s Reti.ist -t Reti.prot-glg -o Reti.prot-gls Reti.prot-glo)...executed safely (allowed).

]
Package atveryend Info: Empty hook `AfterLastShipout' on input line 151.
 (./Reti.aux (./chapters/introduzione.aux) (./chapters/livello_applicativo.aux) (./chapters/livello_trasporto.aux) (./chapters/livello_rete.aux) (./chapters/protocolli_instradamento.aux) (./chapters/livello_data_link.aux) (./chapters/appendices/appendix_a.aux))
Package atveryend Info: Executing hook `AtVeryEndDocument' on input line 151.
Package atveryend Info: Executing hook `AtEndAfterFileList' on input line 151.
Package rerunfilecheck Info: File `Reti.out' has not changed.
(rerunfilecheck)             Checksum: 7EB5670A723A9FE94E462B23E3BF467B;10140.


LaTeX Font Warning: Some font shapes were not available, defaults substituted.

Package atveryend Info: Empty hook `AtVeryVeryEnd' on input line 151.
 ) 
Here is how much of TeX's memory you used:
 20749 strings out of 483172
 335762 string characters out of 5965816
 621187 words of memory out of 5000000
 34397 multiletter control sequences out of 15000+600000
 551902 words of font info for 96 fonts, out of 8000000 for 9000
 14 hyphenation exceptions out of 8191
 64i,13n,102p,1052b,1440s stack positions out of 5000i,500n,10000p,200000b,80000s
 </home/leonardo/.texlive2019/texmf-var/fonts/pk/ljfour/jknappen/ec/tcrm1200.600pk></usr/share/texlive/texmf-dist/fonts/type1/public/amsfonts/cm/cmbx12.pfb></usr/share/texlive/texmf-dist/fonts/type1/public/amsfonts/cm/cmbxti10.pfb></usr/share/texlive/texmf-dist/fonts/type1/public/amsfonts/cm/cmex10.pfb></usr/share/texlive/texmf-dist/fonts/type1/public/amsfonts/cm/cmitt10.pfb></usr/share/texlive/texmf-dist/fonts/type1/public/amsfonts/cm/cmmi10.pfb></usr/share/texlive/texmf-dist/fonts/type1/public/amsfonts/cm/cmmi12.pfb></usr/share/texlive/texmf-dist/fonts/type1/public/amsfonts/cm/cmmi7.pfb></usr/share/texlive/texmf-dist/fonts/type1/public/amsfonts/cm/cmmi8.pfb></usr/share/texlive/texmf-dist/fonts/type1/public/amsfonts/cm/cmmib10.pfb></usr/share/texlive/texmf-dist/fonts/type1/public/amsfonts/cmextra/cmmib8.pfb></usr/share/texlive/texmf-dist/fonts/type1/public/amsfonts/cm/cmr10.pfb></usr/share/texlive/texmf-dist/fonts/type1/public/amsfonts/cm/cmr12.pfb></usr/share/texlive/texmf-dist/fonts/type1/public/amsfonts/cm/cmr17.pfb></usr/share/texlive/texmf-dist/fonts/type1/public/amsfonts/cm/cmr6.pfb></usr/share/texlive/texmf-dist/fonts/type1/public/amsfonts/cm/cmr7.pfb></usr/share/texlive/texmf-dist/fonts/type1/public/amsfonts/cm/cmr8.pfb></usr/share/texlive/texmf-dist/fonts/type1/public/amsfonts/cm/cmsy10.pfb></usr/share/texlive/texmf-dist/fonts/type1/public/amsfonts/cm/cmsy8.pfb></usr/share/texlive/texmf-dist/fonts/type1/public/amsfonts/cm/cmti10.pfb></usr/share/texlive/texmf-dist/fonts/type1/public/amsfonts/cm/cmti12.pfb></usr/share/texlive/texmf-dist/fonts/type1/public/amsfonts/cm/cmti8.pfb></usr/share/texlive/texmf-dist/fonts/type1/public/amsfonts/cm/cmtt10.pfb></usr/share/texlive/texmf-dist/fonts/type1/public/amsfonts/cm/cmtt12.pfb></usr/share/texlive/texmf-dist/fonts/type1/public/amsfonts/symbols/msbm10.pfb>
Output written on Reti.pdf (132 pages, 13521911 bytes).
PDF statistics:
 2658 PDF objects out of 2984 (max. 8388607)
 2127 compressed objects within 22 object streams
 785 named destinations out of 1000 (max. 500000)
 1964 words of extra memory for PDF output out of 10000 (max. 10000000)

