\BOOKMARK [0][-]{chapter.1}{Computazione}{}% 1
\BOOKMARK [1][-]{section.1.1}{Espressioni e funzioni}{chapter.1}% 2
\BOOKMARK [1][-]{section.1.2}{Computazione come riduzione}{chapter.1}% 3
\BOOKMARK [0][-]{chapter.2}{Valutazione}{}% 4
\BOOKMARK [1][-]{section.2.1}{Valori}{chapter.2}% 5
\BOOKMARK [1][-]{section.2.2}{Strategie di valutazione}{chapter.2}% 6
\BOOKMARK [2][-]{subsection.2.2.1}{Valutazione per valore}{section.2.2}% 7
\BOOKMARK [2][-]{subsection.2.2.2}{Valutazione per nome}{section.2.2}% 8
\BOOKMARK [2][-]{subsection.2.2.3}{Valutazione lazy}{section.2.2}% 9
\BOOKMARK [1][-]{section.2.3}{Confronto tra strategie}{chapter.2}% 10
\BOOKMARK [0][-]{chapter.3}{Strumenti per la programmazione}{}% 11
\BOOKMARK [1][-]{section.3.1}{Interattivit\340}{chapter.3}% 12
\BOOKMARK [1][-]{section.3.2}{Ambiente locale}{chapter.3}% 13
\BOOKMARK [1][-]{section.3.3}{Pattern matching}{chapter.3}% 14
\BOOKMARK [1][-]{section.3.4}{Tipi di dato}{chapter.3}% 15
\BOOKMARK [2][-]{subsection.3.4.1}{Alias}{section.3.4}% 16
\BOOKMARK [2][-]{subsection.3.4.2}{Definire nuovi tipi di dato}{section.3.4}% 17
\BOOKMARK [0][-]{chapter.4}{Lambda calcolo}{}% 18
\BOOKMARK [1][-]{section.4.1}{Notazione}{chapter.4}% 19
\BOOKMARK [1][-]{section.4.2}{Variabili legate e libere}{chapter.4}% 20
\BOOKMARK [1][-]{section.4.3}{Computazione}{chapter.4}% 21
\BOOKMARK [2][-]{subsection.4.3.1}{-riduzione}{section.4.3}% 22
\BOOKMARK [2][-]{subsection.4.3.2}{Forme normali}{section.4.3}% 23
\BOOKMARK [2][-]{subsection.4.3.3}{Confluenza}{section.4.3}% 24
\BOOKMARK [1][-]{section.4.4}{Espressivit\340}{chapter.4}% 25
\BOOKMARK [2][-]{subsection.4.4.1}{Rappresentazione dei numeri naturali}{section.4.4}% 26
\BOOKMARK [2][-]{subsection.4.4.2}{Rappresentazione della somma}{section.4.4}% 27
\BOOKMARK [2][-]{subsection.4.4.3}{Iterazione e ricorsione}{section.4.4}% 28
